2026-03-10 15:17:54.951 | __main__:main:733 | INFO | ======================================================================
2026-03-10 15:17:54.951 | __main__:main:734 | INFO | EQNAS ABLATION STUDY  (v2 — fixed)
2026-03-10 15:17:54.951 | __main__:main:735 | INFO | ======================================================================
2026-03-10 15:17:55.034 | torchquantum.datasets.mnist:load:126 | WARNING | Only use the front 5000 images as TRAIN set.
2026-03-10 15:17:55.162 | torchquantum.datasets.mnist:load:146 | WARNING | Only use the front 3000 images as VALID set.
2026-03-10 15:17:55.196 | torchquantum.datasets.mnist:load:198 | WARNING | Only use the front 300 images as TEST set.
2026-03-10 15:17:55.196 | __main__:experiment1_lottery_ticket:289 | INFO | 
======================================================================
2026-03-10 15:17:55.196 | __main__:experiment1_lottery_ticket:290 | INFO | EXP 1: Lottery-Ticket Sparse Initialisation  (v2)
2026-03-10 15:17:55.196 | __main__:experiment1_lottery_ticket:291 | INFO | ======================================================================
2026-03-10 15:17:55.196 | __main__:experiment1_lottery_ticket:300 | INFO | [Exp1-A] Dense baseline …
2026-03-10 15:18:11.009 | __main__:experiment1_lottery_ticket:308 | INFO | [Exp1-B] Random mask + masked training …
2026-03-10 15:18:26.524 | __main__:experiment1_lottery_ticket:328 | INFO | [Exp1-C] LT mask + masked training …
2026-03-10 15:18:26.531 | eqnas:lottery_ticket_sparse_init:217 | INFO | [LotteryTicket] Saving initial weights (rewinding point)...
2026-03-10 15:18:27.173 | eqnas:lottery_ticket_sparse_init:235 | INFO |   [LotteryTicket] Warm-up epoch 1/3, loss=0.9312
2026-03-10 15:18:27.822 | eqnas:lottery_ticket_sparse_init:235 | INFO |   [LotteryTicket] Warm-up epoch 2/3, loss=0.9495
2026-03-10 15:18:28.483 | eqnas:lottery_ticket_sparse_init:235 | INFO |   [LotteryTicket] Warm-up epoch 3/3, loss=0.9136
2026-03-10 15:18:28.508 | eqnas:lottery_ticket_sparse_init:280 | INFO | [LotteryTicket] Sparse init done: 36/72 params pruned (50.0% sparsity)
2026-03-10 15:18:44.341 | __main__:experiment1_lottery_ticket:367 | INFO |   Saved: eqnas_verification/exp1_lottery_ticket.png
2026-03-10 15:18:44.341 | __main__:experiment1_lottery_ticket:369 | INFO | 
  Summary:
2026-03-10 15:18:44.341 | __main__:experiment1_lottery_ticket:370 | INFO |   Method                      Sparsity    Final Acc   Final Loss
2026-03-10 15:18:44.341 | __main__:experiment1_lottery_ticket:372 | INFO |   Dense (no prune)                0.0%       0.7367       0.9069
2026-03-10 15:18:44.341 | __main__:experiment1_lottery_ticket:372 | INFO |   Random Mask                    50.0%       0.6100       1.0408
2026-03-10 15:18:44.342 | __main__:experiment1_lottery_ticket:372 | INFO |   LT-Sparse Init (Ours)          50.0%       0.6233       1.0400
2026-03-10 15:18:44.342 | __main__:experiment2_noise_aware_pruning:387 | INFO | 
======================================================================
2026-03-10 15:18:44.343 | __main__:experiment2_noise_aware_pruning:388 | INFO | EXP 2: Noise-Aware Pruning  (v2)
2026-03-10 15:18:44.343 | __main__:experiment2_noise_aware_pruning:389 | INFO | ======================================================================
2026-03-10 15:18:44.348 | eqnas:lottery_ticket_sparse_init:217 | INFO | [LotteryTicket] Saving initial weights (rewinding point)...
2026-03-10 15:18:45.035 | eqnas:lottery_ticket_sparse_init:235 | INFO |   [LotteryTicket] Warm-up epoch 1/3, loss=0.9312
2026-03-10 15:18:45.706 | eqnas:lottery_ticket_sparse_init:235 | INFO |   [LotteryTicket] Warm-up epoch 2/3, loss=0.9495
2026-03-10 15:18:46.378 | eqnas:lottery_ticket_sparse_init:235 | INFO |   [LotteryTicket] Warm-up epoch 3/3, loss=0.9136
2026-03-10 15:18:46.383 | eqnas:lottery_ticket_sparse_init:280 | INFO | [LotteryTicket] Sparse init done: 36/72 params pruned (50.0% sparsity)
2026-03-10 15:18:46.385 | __main__:experiment2_noise_aware_pruning:407 | INFO |   Shared mask sparsity: 50.0%
2026-03-10 15:18:46.386 | __main__:experiment2_noise_aware_pruning:413 | INFO | 
[Exp2] Fine-tune with noise_scale=0.0 …
2026-03-10 15:19:02.282 | __main__:experiment2_noise_aware_pruning:422 | INFO |   clean acc=0.6233, sparsity=50.0%
2026-03-10 15:19:05.724 | __main__:experiment2_noise_aware_pruning:413 | INFO | 
[Exp2] Fine-tune with noise_scale=0.03 …
2026-03-10 15:19:21.605 | __main__:experiment2_noise_aware_pruning:422 | INFO |   clean acc=0.6233, sparsity=50.0%
2026-03-10 15:19:24.982 | __main__:experiment2_noise_aware_pruning:413 | INFO | 
[Exp2] Fine-tune with noise_scale=0.08 …
2026-03-10 15:19:40.806 | __main__:experiment2_noise_aware_pruning:422 | INFO |   clean acc=0.6133, sparsity=50.0%
2026-03-10 15:19:44.451 | __main__:experiment2_noise_aware_pruning:472 | INFO |   Saved: eqnas_verification/exp2_noise_aware_pruning.png
2026-03-10 15:19:44.451 | __main__:experiment2_noise_aware_pruning:474 | INFO | 
  Summary:
2026-03-10 15:19:44.451 | __main__:experiment2_noise_aware_pruning:475 | INFO |   Method                         Clean      σ=0.1      σ=0.3
2026-03-10 15:19:44.451 | __main__:experiment2_noise_aware_pruning:479 | INFO |   Standard (σ=0)                0.6233     0.6353     0.5260
2026-03-10 15:19:44.451 | __main__:experiment2_noise_aware_pruning:479 | INFO |   Noise-Aware (σ=0.03)          0.6233     0.6333     0.5587
2026-03-10 15:19:44.451 | __main__:experiment2_noise_aware_pruning:479 | INFO |   Noise-Aware (σ=0.08)          0.6133     0.6333     0.5593
2026-03-10 15:19:44.452 | __main__:experiment3_multi_objective_search:492 | INFO | 
======================================================================
2026-03-10 15:19:44.452 | __main__:experiment3_multi_objective_search:493 | INFO | EXP 3: Multi-Objective Genetic Search  (v2)
2026-03-10 15:19:44.452 | __main__:experiment3_multi_objective_search:494 | INFO | ======================================================================
2026-03-10 15:19:44.457 | __main__:experiment3_multi_objective_search:505 | INFO | [Exp3-A] Random Search …
2026-03-10 15:20:45.152 | __main__:experiment3_multi_objective_search:516 | INFO | [Exp3-B] Single-obj Genetic (accuracy only) …
2026-03-10 15:20:45.153 | eqnas:run_search:735 | INFO | 
============================================================
2026-03-10 15:20:45.153 | eqnas:run_search:736 | INFO | [EQNAS Search] Iteration 1/6, population size = 20
2026-03-10 15:20:45.153 | eqnas:run_search:738 | INFO | ============================================================
2026-03-10 15:20:55.427 | eqnas:run_search:751 | INFO |   Best this iter: fitness=0.6933, acc=0.6933, robustness=0.9199, depth=10
2026-03-10 15:20:55.427 | eqnas:run_search:735 | INFO | 
============================================================
2026-03-10 15:20:55.427 | eqnas:run_search:736 | INFO | [EQNAS Search] Iteration 2/6, population size = 20
2026-03-10 15:20:55.427 | eqnas:run_search:738 | INFO | ============================================================
2026-03-10 15:21:05.581 | eqnas:run_search:751 | INFO |   Best this iter: fitness=0.7500, acc=0.7500, robustness=0.9793, depth=10
2026-03-10 15:21:05.582 | eqnas:run_search:735 | INFO | 
============================================================
2026-03-10 15:21:05.582 | eqnas:run_search:736 | INFO | [EQNAS Search] Iteration 3/6, population size = 20
2026-03-10 15:21:05.582 | eqnas:run_search:738 | INFO | ============================================================
2026-03-10 15:21:15.733 | eqnas:run_search:751 | INFO |   Best this iter: fitness=0.7500, acc=0.7500, robustness=0.8948, depth=10
2026-03-10 15:21:15.733 | eqnas:run_search:735 | INFO | 
============================================================
2026-03-10 15:21:15.734 | eqnas:run_search:736 | INFO | [EQNAS Search] Iteration 4/6, population size = 20
2026-03-10 15:21:15.734 | eqnas:run_search:738 | INFO | ============================================================
2026-03-10 15:21:26.004 | eqnas:run_search:751 | INFO |   Best this iter: fitness=0.7500, acc=0.7500, robustness=0.9778, depth=10
2026-03-10 15:21:26.004 | eqnas:run_search:735 | INFO | 
============================================================
2026-03-10 15:21:26.004 | eqnas:run_search:736 | INFO | [EQNAS Search] Iteration 5/6, population size = 20
2026-03-10 15:21:26.004 | eqnas:run_search:738 | INFO | ============================================================
2026-03-10 15:21:36.348 | eqnas:run_search:751 | INFO |   Best this iter: fitness=0.7500, acc=0.7500, robustness=0.9733, depth=10
2026-03-10 15:21:36.349 | eqnas:run_search:735 | INFO | 
============================================================
2026-03-10 15:21:36.349 | eqnas:run_search:736 | INFO | [EQNAS Search] Iteration 6/6, population size = 20
2026-03-10 15:21:36.349 | eqnas:run_search:738 | INFO | ============================================================
2026-03-10 15:21:46.502 | eqnas:run_search:751 | INFO |   Best this iter: fitness=0.7500, acc=0.7500, robustness=0.9659, depth=10
2026-03-10 15:21:46.506 | eqnas:run_search:780 | INFO | 
============================================================
2026-03-10 15:21:46.506 | eqnas:run_search:781 | INFO | [EQNAS Search] Complete!
2026-03-10 15:21:46.506 | eqnas:run_search:782 | INFO |   Best gene: [4, 2, 3, 3, 2, 3, 3]
2026-03-10 15:21:46.506 | eqnas:run_search:783 | INFO |   Best fitness: 0.7500
2026-03-10 15:21:46.506 | eqnas:run_search:784 | INFO |   Best accuracy: 0.7500
2026-03-10 15:21:46.506 | eqnas:run_search:785 | INFO |   Best robustness: 0.9793
2026-03-10 15:21:46.506 | eqnas:run_search:786 | INFO |   Best depth: 10
2026-03-10 15:21:46.506 | eqnas:run_search:787 | INFO |   Pareto front size: 19
2026-03-10 15:21:46.506 | eqnas:run_search:788 | INFO | ============================================================
2026-03-10 15:22:47.166 | __main__:experiment3_multi_objective_search:546 | INFO | [Exp3-C] Multi-obj Genetic Search (ours) …
2026-03-10 15:22:47.167 | eqnas:run_search:735 | INFO | 
============================================================
2026-03-10 15:22:47.167 | eqnas:run_search:736 | INFO | [EQNAS Search] Iteration 1/6, population size = 20
2026-03-10 15:22:47.167 | eqnas:run_search:738 | INFO | ============================================================
2026-03-10 15:22:57.169 | eqnas:run_search:751 | INFO |   Best this iter: fitness=0.7904, acc=0.6533, robustness=0.9592, depth=6
2026-03-10 15:22:57.169 | eqnas:run_search:735 | INFO | 
============================================================
2026-03-10 15:22:57.169 | eqnas:run_search:736 | INFO | [EQNAS Search] Iteration 2/6, population size = 20
2026-03-10 15:22:57.169 | eqnas:run_search:738 | INFO | ============================================================
2026-03-10 15:23:07.223 | eqnas:run_search:751 | INFO |   Best this iter: fitness=0.7955, acc=0.6533, robustness=0.9762, depth=6
2026-03-10 15:23:07.223 | eqnas:run_search:735 | INFO | 
============================================================
2026-03-10 15:23:07.223 | eqnas:run_search:736 | INFO | [EQNAS Search] Iteration 3/6, population size = 20
2026-03-10 15:23:07.223 | eqnas:run_search:738 | INFO | ============================================================
2026-03-10 15:23:17.355 | eqnas:run_search:751 | INFO |   Best this iter: fitness=0.8067, acc=0.6933, robustness=1.0000, depth=10
2026-03-10 15:23:17.355 | eqnas:run_search:735 | INFO | 
============================================================
2026-03-10 15:23:17.355 | eqnas:run_search:736 | INFO | [EQNAS Search] Iteration 4/6, population size = 20
2026-03-10 15:23:17.355 | eqnas:run_search:738 | INFO | ============================================================
2026-03-10 15:23:27.615 | eqnas:run_search:751 | INFO |   Best this iter: fitness=0.8057, acc=0.6933, robustness=0.9968, depth=10
2026-03-10 15:23:27.616 | eqnas:run_search:735 | INFO | 
============================================================
2026-03-10 15:23:27.616 | eqnas:run_search:736 | INFO | [EQNAS Search] Iteration 5/6, population size = 20
2026-03-10 15:23:27.616 | eqnas:run_search:738 | INFO | ============================================================
2026-03-10 15:23:37.808 | eqnas:run_search:751 | INFO |   Best this iter: fitness=0.8028, acc=0.6933, robustness=0.9872, depth=10
2026-03-10 15:23:37.808 | eqnas:run_search:735 | INFO | 
============================================================
2026-03-10 15:23:37.808 | eqnas:run_search:736 | INFO | [EQNAS Search] Iteration 6/6, population size = 20
2026-03-10 15:23:37.808 | eqnas:run_search:738 | INFO | ============================================================
2026-03-10 15:23:47.905 | eqnas:run_search:751 | INFO |   Best this iter: fitness=0.7986, acc=0.6533, robustness=0.9864, depth=6
2026-03-10 15:23:47.909 | eqnas:run_search:780 | INFO | 
============================================================
2026-03-10 15:23:47.909 | eqnas:run_search:781 | INFO | [EQNAS Search] Complete!
2026-03-10 15:23:47.909 | eqnas:run_search:782 | INFO |   Best gene: [3, 2, 3, 3, 2, 3, 3]
2026-03-10 15:23:47.909 | eqnas:run_search:783 | INFO |   Best fitness: 0.8067
2026-03-10 15:23:47.909 | eqnas:run_search:784 | INFO |   Best accuracy: 0.6933
2026-03-10 15:23:47.909 | eqnas:run_search:785 | INFO |   Best robustness: 1.0000
2026-03-10 15:23:47.909 | eqnas:run_search:786 | INFO |   Best depth: 10
2026-03-10 15:23:47.909 | eqnas:run_search:787 | INFO |   Pareto front size: 17
2026-03-10 15:23:47.909 | eqnas:run_search:788 | INFO | ============================================================
2026-03-10 15:24:40.506 | __main__:experiment3_multi_objective_search:651 | INFO |   Saved: eqnas_verification/exp3_multi_objective_search.png
2026-03-10 15:24:40.506 | __main__:experiment3_multi_objective_search:653 | INFO | 
  Best solutions:
2026-03-10 15:24:40.506 | __main__:experiment3_multi_objective_search:654 | INFO |   Method                       Fitness        Acc     Robust    Depth
2026-03-10 15:24:40.506 | __main__:experiment3_multi_objective_search:657 | INFO |   Random Search                 0.7960     0.6533     0.9779        6
2026-03-10 15:24:40.506 | __main__:experiment3_multi_objective_search:657 | INFO |   Single-Obj Genetic            0.8150     0.7500     0.9333       10
2026-03-10 15:24:40.506 | __main__:experiment3_multi_objective_search:657 | INFO |   Multi-Obj Genetic (Ours)      0.8067     0.6933     1.0000       10
2026-03-10 15:24:40.733 | __main__:create_summary_figure:723 | INFO | 
  Summary figure saved: eqnas_verification/eqnas_summary.png
2026-03-10 15:24:40.733 | __main__:main:743 | INFO | 
======================================================================
2026-03-10 15:24:40.733 | __main__:main:744 | INFO | ALL EXPERIMENTS COMPLETE
2026-03-10 15:24:40.733 | __main__:main:745 | INFO | Results in: eqnas_verification/
2026-03-10 15:24:40.733 | __main__:main:746 | INFO | ======================================================================
