2026-03-10 13:34:57.931 | __main__:main:730 | INFO | ======================================================================
2026-03-10 13:34:57.931 | __main__:main:731 | INFO | EQNAS ABLATION & VERIFICATION STUDY
2026-03-10 13:34:57.931 | __main__:main:732 | INFO | ======================================================================
2026-03-10 13:34:58.000 | torchquantum.datasets.mnist:load:126 | WARNING | Only use the front 5000 images as TRAIN set.
2026-03-10 13:34:58.125 | torchquantum.datasets.mnist:load:146 | WARNING | Only use the front 3000 images as VALID set.
2026-03-10 13:34:58.152 | torchquantum.datasets.mnist:load:198 | WARNING | Only use the front 300 images as TEST set.
2026-03-10 13:34:58.153 | __main__:experiment1_lottery_ticket:238 | INFO | 
======================================================================
2026-03-10 13:34:58.153 | __main__:experiment1_lottery_ticket:239 | INFO | EXPERIMENT 1: Lottery-Ticket Sparse Initialisation Verification
2026-03-10 13:34:58.153 | __main__:experiment1_lottery_ticket:240 | INFO | ======================================================================
2026-03-10 13:34:58.153 | __main__:experiment1_lottery_ticket:249 | INFO | 
[Exp1-A] Dense baseline (no pruning)...
2026-03-10 13:35:08.650 | __main__:experiment1_lottery_ticket:259 | INFO | 
[Exp1-B] Random pruning baseline...
2026-03-10 13:35:19.035 | __main__:experiment1_lottery_ticket:270 | INFO | 
[Exp1-C] Lottery-Ticket sparse init (ours)...
2026-03-10 13:35:19.041 | eqnas:lottery_ticket_sparse_init:217 | INFO | [LotteryTicket] Saving initial weights (rewinding point)...
2026-03-10 13:35:19.582 | eqnas:lottery_ticket_sparse_init:235 | INFO |   [LotteryTicket] Warm-up epoch 1/3, loss=0.9312
2026-03-10 13:35:20.191 | eqnas:lottery_ticket_sparse_init:235 | INFO |   [LotteryTicket] Warm-up epoch 2/3, loss=0.9495
2026-03-10 13:35:20.828 | eqnas:lottery_ticket_sparse_init:235 | INFO |   [LotteryTicket] Warm-up epoch 3/3, loss=0.9136
2026-03-10 13:35:20.855 | eqnas:lottery_ticket_sparse_init:280 | INFO | [LotteryTicket] Sparse init done: 22/72 params pruned (30.6% sparsity)
2026-03-10 13:35:31.436 | __main__:experiment1_lottery_ticket:314 | INFO |   Saved: eqnas_verification/exp1_lottery_ticket.png
2026-03-10 13:35:31.437 | __main__:experiment1_lottery_ticket:317 | INFO | 
  Summary:
2026-03-10 13:35:31.437 | __main__:experiment1_lottery_ticket:318 | INFO |   Method                      Sparsity  Final Acc Final Loss
2026-03-10 13:35:31.437 | __main__:experiment1_lottery_ticket:320 | INFO |   Dense (no prune)                0.0%     0.7333     0.9095
2026-03-10 13:35:31.437 | __main__:experiment1_lottery_ticket:320 | INFO |   Random Prune                    0.0%     0.7433     0.9103
2026-03-10 13:35:31.437 | __main__:experiment1_lottery_ticket:320 | INFO |   LT-Sparse Init (Ours)           0.0%     0.7233     0.9020
2026-03-10 13:35:31.437 | __main__:experiment2_noise_aware_pruning:337 | INFO | 
======================================================================
2026-03-10 13:35:31.438 | __main__:experiment2_noise_aware_pruning:338 | INFO | EXPERIMENT 2: Noise-Aware Pruning Verification
2026-03-10 13:35:31.438 | __main__:experiment2_noise_aware_pruning:339 | INFO | ======================================================================
2026-03-10 13:35:31.438 | __main__:experiment2_noise_aware_pruning:351 | INFO | 
[Exp2] Training with noise_injection_scale=0.0...
2026-03-10 13:35:32.021 | eqnas:train_one_epoch:413 | INFO |   [Epoch 0] loss=1.0029, target_sparsity=0.100, actual_sparsity=0.000
2026-03-10 13:35:32.623 | eqnas:train_one_epoch:413 | INFO |   [Epoch 1] loss=0.9523, target_sparsity=0.192, actual_sparsity=0.097
2026-03-10 13:35:33.225 | eqnas:train_one_epoch:413 | INFO |   [Epoch 2] loss=0.9453, target_sparsity=0.269, actual_sparsity=0.194
2026-03-10 13:35:33.839 | eqnas:train_one_epoch:413 | INFO |   [Epoch 3] loss=0.9366, target_sparsity=0.331, actual_sparsity=0.264
2026-03-10 13:35:34.503 | eqnas:train_one_epoch:413 | INFO |   [Epoch 4] loss=0.9442, target_sparsity=0.381, actual_sparsity=0.333
2026-03-10 13:35:35.117 | eqnas:train_one_epoch:413 | INFO |   [Epoch 5] loss=0.9437, target_sparsity=0.421, actual_sparsity=0.375
2026-03-10 13:35:35.690 | eqnas:train_one_epoch:413 | INFO |   [Epoch 6] loss=1.0028, target_sparsity=0.450, actual_sparsity=0.417
2026-03-10 13:35:36.226 | eqnas:train_one_epoch:413 | INFO |   [Epoch 7] loss=1.0465, target_sparsity=0.471, actual_sparsity=0.444
2026-03-10 13:35:36.851 | eqnas:train_one_epoch:413 | INFO |   [Epoch 8] loss=0.9942, target_sparsity=0.485, actual_sparsity=0.472
2026-03-10 13:35:37.543 | eqnas:train_one_epoch:413 | INFO |   [Epoch 9] loss=0.9796, target_sparsity=0.494, actual_sparsity=0.486
2026-03-10 13:35:38.133 | eqnas:train_one_epoch:413 | INFO |   [Epoch 10] loss=1.0023, target_sparsity=0.498, actual_sparsity=0.500
2026-03-10 13:35:38.761 | eqnas:train_one_epoch:413 | INFO |   [Epoch 11] loss=1.0005, target_sparsity=0.500, actual_sparsity=0.500
2026-03-10 13:35:38.762 | eqnas:finalize:423 | INFO |   Pruning finalized. Actual sparsity = 0.500
2026-03-10 13:35:41.267 | __main__:experiment2_noise_aware_pruning:351 | INFO | 
[Exp2] Training with noise_injection_scale=0.02...
2026-03-10 13:35:41.852 | eqnas:train_one_epoch:413 | INFO |   [Epoch 0] loss=1.0055, target_sparsity=0.100, actual_sparsity=0.000
2026-03-10 13:35:42.556 | eqnas:train_one_epoch:413 | INFO |   [Epoch 1] loss=0.9514, target_sparsity=0.192, actual_sparsity=0.097
2026-03-10 13:35:43.103 | eqnas:train_one_epoch:413 | INFO |   [Epoch 2] loss=0.9379, target_sparsity=0.269, actual_sparsity=0.194
2026-03-10 13:35:43.634 | eqnas:train_one_epoch:413 | INFO |   [Epoch 3] loss=0.9310, target_sparsity=0.331, actual_sparsity=0.264
2026-03-10 13:35:44.179 | eqnas:train_one_epoch:413 | INFO |   [Epoch 4] loss=0.9679, target_sparsity=0.381, actual_sparsity=0.333
2026-03-10 13:35:44.697 | eqnas:train_one_epoch:413 | INFO |   [Epoch 5] loss=0.9680, target_sparsity=0.421, actual_sparsity=0.375
2026-03-10 13:35:45.273 | eqnas:train_one_epoch:413 | INFO |   [Epoch 6] loss=0.9780, target_sparsity=0.450, actual_sparsity=0.417
2026-03-10 13:35:45.867 | eqnas:train_one_epoch:413 | INFO |   [Epoch 7] loss=0.9744, target_sparsity=0.471, actual_sparsity=0.444
2026-03-10 13:35:46.389 | eqnas:train_one_epoch:413 | INFO |   [Epoch 8] loss=1.0383, target_sparsity=0.485, actual_sparsity=0.472
2026-03-10 13:35:46.947 | eqnas:train_one_epoch:413 | INFO |   [Epoch 9] loss=1.0015, target_sparsity=0.494, actual_sparsity=0.486
2026-03-10 13:35:47.499 | eqnas:train_one_epoch:413 | INFO |   [Epoch 10] loss=1.0102, target_sparsity=0.498, actual_sparsity=0.500
2026-03-10 13:35:48.006 | eqnas:train_one_epoch:413 | INFO |   [Epoch 11] loss=1.0041, target_sparsity=0.500, actual_sparsity=0.500
2026-03-10 13:35:48.007 | eqnas:finalize:423 | INFO |   Pruning finalized. Actual sparsity = 0.500
2026-03-10 13:35:50.406 | __main__:experiment2_noise_aware_pruning:351 | INFO | 
[Exp2] Training with noise_injection_scale=0.05...
2026-03-10 13:35:51.084 | eqnas:train_one_epoch:413 | INFO |   [Epoch 0] loss=1.0206, target_sparsity=0.100, actual_sparsity=0.000
2026-03-10 13:35:51.640 | eqnas:train_one_epoch:413 | INFO |   [Epoch 1] loss=0.9565, target_sparsity=0.192, actual_sparsity=0.097
2026-03-10 13:35:52.240 | eqnas:train_one_epoch:413 | INFO |   [Epoch 2] loss=0.9424, target_sparsity=0.269, actual_sparsity=0.194
2026-03-10 13:35:52.791 | eqnas:train_one_epoch:413 | INFO |   [Epoch 3] loss=0.9334, target_sparsity=0.331, actual_sparsity=0.264
2026-03-10 13:35:53.385 | eqnas:train_one_epoch:413 | INFO |   [Epoch 4] loss=0.9663, target_sparsity=0.381, actual_sparsity=0.333
2026-03-10 13:35:54.043 | eqnas:train_one_epoch:413 | INFO |   [Epoch 5] loss=0.9698, target_sparsity=0.421, actual_sparsity=0.375
2026-03-10 13:35:54.634 | eqnas:train_one_epoch:413 | INFO |   [Epoch 6] loss=0.9875, target_sparsity=0.450, actual_sparsity=0.417
2026-03-10 13:35:55.231 | eqnas:train_one_epoch:413 | INFO |   [Epoch 7] loss=0.9712, target_sparsity=0.471, actual_sparsity=0.444
2026-03-10 13:35:55.812 | eqnas:train_one_epoch:413 | INFO |   [Epoch 8] loss=1.0321, target_sparsity=0.485, actual_sparsity=0.472
2026-03-10 13:35:56.410 | eqnas:train_one_epoch:413 | INFO |   [Epoch 9] loss=0.9770, target_sparsity=0.494, actual_sparsity=0.486
2026-03-10 13:35:57.001 | eqnas:train_one_epoch:413 | INFO |   [Epoch 10] loss=0.9996, target_sparsity=0.498, actual_sparsity=0.500
2026-03-10 13:35:57.616 | eqnas:train_one_epoch:413 | INFO |   [Epoch 11] loss=0.9962, target_sparsity=0.500, actual_sparsity=0.500
2026-03-10 13:35:57.617 | eqnas:finalize:423 | INFO |   Pruning finalized. Actual sparsity = 0.500
2026-03-10 13:36:00.271 | __main__:experiment2_noise_aware_pruning:446 | INFO |   Saved: eqnas_verification/exp2_noise_aware_pruning.png
2026-03-10 13:36:00.271 | __main__:experiment2_noise_aware_pruning:448 | INFO | 
  Summary:
2026-03-10 13:36:00.272 | __main__:experiment2_noise_aware_pruning:449 | INFO |   Method                          Clean Acc  Noisy Acc       Drop
2026-03-10 13:36:00.272 | __main__:experiment2_noise_aware_pruning:451 | INFO |   Standard Prune (σ=0)               0.6833     0.6189     0.0644
2026-03-10 13:36:00.272 | __main__:experiment2_noise_aware_pruning:451 | INFO |   Noise-Aware (σ=0.02)               0.6667     0.6511     0.0156
2026-03-10 13:36:00.272 | __main__:experiment2_noise_aware_pruning:451 | INFO |   Noise-Aware (σ=0.05)               0.6633     0.6500     0.0133
2026-03-10 13:36:00.272 | __main__:experiment3_multi_objective_search:469 | INFO | 
======================================================================
2026-03-10 13:36:00.272 | __main__:experiment3_multi_objective_search:470 | INFO | EXPERIMENT 3: Multi-Objective Genetic Search Verification
2026-03-10 13:36:00.272 | __main__:experiment3_multi_objective_search:471 | INFO | ======================================================================
2026-03-10 13:36:00.277 | __main__:experiment3_multi_objective_search:480 | INFO | 
[Exp3-A] Random Search baseline...
2026-03-10 13:44:24.638 | __main__:experiment3_multi_objective_search:492 | INFO | 
[Exp3-B] Single-objective Genetic Search (accuracy only)...
2026-03-10 13:44:24.639 | eqnas:run_search:716 | INFO | 
============================================================
2026-03-10 13:44:24.639 | eqnas:run_search:717 | INFO | [EQNAS Search] Iteration 1/4, population size = 15
2026-03-10 13:44:24.639 | eqnas:run_search:719 | INFO | ============================================================
2026-03-10 13:46:31.329 | eqnas:run_search:732 | INFO |   Best this iter: fitness=0.6933, acc=0.6933, robustness=0.9952, depth=10
2026-03-10 13:46:31.330 | eqnas:run_search:716 | INFO | 
============================================================
2026-03-10 13:46:31.330 | eqnas:run_search:717 | INFO | [EQNAS Search] Iteration 2/4, population size = 15
2026-03-10 13:46:31.330 | eqnas:run_search:719 | INFO | ============================================================
2026-03-10 13:48:40.152 | eqnas:run_search:732 | INFO |   Best this iter: fitness=0.7500, acc=0.7500, robustness=1.0000, depth=10
2026-03-10 13:48:40.152 | eqnas:run_search:716 | INFO | 
============================================================
2026-03-10 13:48:40.152 | eqnas:run_search:717 | INFO | [EQNAS Search] Iteration 3/4, population size = 15
2026-03-10 13:48:40.152 | eqnas:run_search:719 | INFO | ============================================================
2026-03-10 13:50:47.738 | eqnas:run_search:732 | INFO |   Best this iter: fitness=0.7500, acc=0.7500, robustness=1.0000, depth=10
2026-03-10 13:50:47.738 | eqnas:run_search:716 | INFO | 
============================================================
2026-03-10 13:50:47.738 | eqnas:run_search:717 | INFO | [EQNAS Search] Iteration 4/4, population size = 15
2026-03-10 13:50:47.738 | eqnas:run_search:719 | INFO | ============================================================
2026-03-10 13:52:51.840 | eqnas:run_search:732 | INFO |   Best this iter: fitness=0.7500, acc=0.7500, robustness=1.0000, depth=10
2026-03-10 13:52:51.841 | eqnas:run_search:761 | INFO | 
============================================================
2026-03-10 13:52:51.841 | eqnas:run_search:762 | INFO | [EQNAS Search] Complete!
2026-03-10 13:52:51.842 | eqnas:run_search:763 | INFO |   Best gene: [4, 2, 3, 3, 2, 3, 3]
2026-03-10 13:52:51.842 | eqnas:run_search:764 | INFO |   Best fitness: 0.7500
2026-03-10 13:52:51.842 | eqnas:run_search:765 | INFO |   Best accuracy: 0.7500
2026-03-10 13:52:51.842 | eqnas:run_search:766 | INFO |   Best robustness: 1.0000
2026-03-10 13:52:51.842 | eqnas:run_search:767 | INFO |   Best depth: 10
2026-03-10 13:52:51.842 | eqnas:run_search:768 | INFO |   Pareto front size: 13
2026-03-10 13:52:51.842 | eqnas:run_search:769 | INFO | ============================================================
2026-03-10 13:54:57.183 | __main__:experiment3_multi_objective_search:530 | INFO | 
[Exp3-C] Multi-objective Genetic Search (ours)...
2026-03-10 13:54:57.183 | eqnas:run_search:716 | INFO | 
============================================================
2026-03-10 13:54:57.183 | eqnas:run_search:717 | INFO | [EQNAS Search] Iteration 1/4, population size = 15
2026-03-10 13:54:57.183 | eqnas:run_search:719 | INFO | ============================================================
2026-03-10 13:57:02.533 | eqnas:run_search:732 | INFO |   Best this iter: fitness=0.8052, acc=0.6933, robustness=0.9952, depth=10
2026-03-10 13:57:02.533 | eqnas:run_search:716 | INFO | 
============================================================
2026-03-10 13:57:02.533 | eqnas:run_search:717 | INFO | [EQNAS Search] Iteration 2/4, population size = 15
2026-03-10 13:57:02.533 | eqnas:run_search:719 | INFO | ============================================================
2026-03-10 13:59:10.212 | eqnas:run_search:732 | INFO |   Best this iter: fitness=0.8350, acc=0.7500, robustness=1.0000, depth=10
2026-03-10 13:59:10.212 | eqnas:run_search:716 | INFO | 
============================================================
2026-03-10 13:59:10.212 | eqnas:run_search:717 | INFO | [EQNAS Search] Iteration 3/4, population size = 15
2026-03-10 13:59:10.212 | eqnas:run_search:719 | INFO | ============================================================
2026-03-10 14:01:16.344 | eqnas:run_search:732 | INFO |   Best this iter: fitness=0.8350, acc=0.7500, robustness=1.0000, depth=10
2026-03-10 14:01:16.344 | eqnas:run_search:716 | INFO | 
============================================================
2026-03-10 14:01:16.344 | eqnas:run_search:717 | INFO | [EQNAS Search] Iteration 4/4, population size = 15
2026-03-10 14:01:16.344 | eqnas:run_search:719 | INFO | ============================================================
2026-03-10 14:03:20.778 | eqnas:run_search:732 | INFO |   Best this iter: fitness=0.8350, acc=0.7500, robustness=1.0000, depth=10
2026-03-10 14:03:20.780 | eqnas:run_search:761 | INFO | 
============================================================
2026-03-10 14:03:20.780 | eqnas:run_search:762 | INFO | [EQNAS Search] Complete!
2026-03-10 14:03:20.780 | eqnas:run_search:763 | INFO |   Best gene: [4, 2, 3, 3, 2, 3, 3]
2026-03-10 14:03:20.780 | eqnas:run_search:764 | INFO |   Best fitness: 0.8350
2026-03-10 14:03:20.780 | eqnas:run_search:765 | INFO |   Best accuracy: 0.7500
2026-03-10 14:03:20.780 | eqnas:run_search:766 | INFO |   Best robustness: 1.0000
2026-03-10 14:03:20.780 | eqnas:run_search:767 | INFO |   Best depth: 10
2026-03-10 14:03:20.780 | eqnas:run_search:768 | INFO |   Pareto front size: 13
2026-03-10 14:03:20.780 | eqnas:run_search:769 | INFO | ============================================================
2026-03-10 14:03:21.200 | __main__:experiment3_multi_objective_search:652 | INFO |   Saved: eqnas_verification/exp3_multi_objective_search.png
2026-03-10 14:03:21.200 | __main__:experiment3_multi_objective_search:655 | INFO | 
  Summary of best solutions:
2026-03-10 14:03:21.200 | __main__:experiment3_multi_objective_search:656 | INFO |   Method                       Fitness        Acc     Robust    Depth
2026-03-10 14:03:21.200 | __main__:experiment3_multi_objective_search:659 | INFO |   Random Search                 0.8052     0.6933     0.9952       10
2026-03-10 14:03:21.200 | __main__:experiment3_multi_objective_search:659 | INFO |   Single-Obj Genetic            0.7500     0.7500     1.0000       10
2026-03-10 14:03:21.200 | __main__:experiment3_multi_objective_search:659 | INFO |   Multi-Obj Genetic (Ours)      0.8350     0.7500     1.0000       10
2026-03-10 14:03:21.424 | __main__:create_summary_figure:720 | INFO | 
  Summary figure saved: eqnas_verification/eqnas_summary.png
2026-03-10 14:03:21.424 | __main__:main:744 | INFO | 
======================================================================
2026-03-10 14:03:21.424 | __main__:main:745 | INFO | ALL EXPERIMENTS COMPLETE
2026-03-10 14:03:21.424 | __main__:main:746 | INFO | Results saved in: eqnas_verification/
2026-03-10 14:03:21.425 | __main__:main:747 | INFO |   exp1_lottery_ticket.png        - Innovation 1
2026-03-10 14:03:21.425 | __main__:main:748 | INFO |   exp2_noise_aware_pruning.png   - Innovation 2
2026-03-10 14:03:21.425 | __main__:main:749 | INFO |   exp3_multi_objective_search.png - Innovation 3
2026-03-10 14:03:21.425 | __main__:main:750 | INFO |   eqnas_summary.png              - Combined summary
2026-03-10 14:03:21.425 | __main__:main:751 | INFO | ======================================================================
