2026-03-13 16:38:57.547 | __main__:main:2498 | INFO | ======================================================================
2026-03-13 16:38:57.547 | __main__:main:2499 | INFO | EQNAS ABLATION STUDY  (v6 — expanded baselines + dense fronts)
2026-03-13 16:38:57.547 | __main__:main:2500 | INFO | ======================================================================
2026-03-13 16:38:57.547 | __main__:main:2501 | INFO | Run timestamp: 2026-03-13_16-38-57_544384
2026-03-13 16:38:57.547 | __main__:main:2502 | INFO | Run output directory: eqnas_verification/run_2026-03-13_16-38-57_544384
2026-03-13 16:38:57.595 | torchquantum.datasets.mnist:load:126 | WARNING | Only use the front 5000 images as TRAIN set.
2026-03-13 16:38:57.668 | torchquantum.datasets.mnist:load:146 | WARNING | Only use the front 3000 images as VALID set.
2026-03-13 16:38:57.688 | torchquantum.datasets.mnist:load:198 | WARNING | Only use the front 300 images as TEST set.
2026-03-13 16:38:57.689 | __main__:experiment1_ramanujan_init:569 | INFO | 
======================================================================
2026-03-13 16:38:57.689 | __main__:experiment1_ramanujan_init:570 | INFO | EXP 1: Ramanujan Sparse Init (transition-zone verification)
2026-03-13 16:38:57.689 | __main__:experiment1_ramanujan_init:571 | INFO | ======================================================================
2026-03-13 16:38:57.689 | __main__:experiment1_ramanujan_init:598 | INFO | 
  [Exp1] Seed=42
2026-03-13 16:38:58.015 | __main__:experiment1_ramanujan_init:602 | INFO |     Dense reference acc: 63.33%
2026-03-13 16:39:06.211 | __main__:experiment1_ramanujan_init:598 | INFO | 
  [Exp1] Seed=53
2026-03-13 16:39:06.315 | __main__:experiment1_ramanujan_init:602 | INFO |     Dense reference acc: 63.33%
2026-03-13 16:39:14.600 | __main__:experiment1_ramanujan_init:598 | INFO | 
  [Exp1] Seed=65
2026-03-13 16:39:14.712 | __main__:experiment1_ramanujan_init:602 | INFO |     Dense reference acc: 63.33%
2026-03-13 16:39:23.555 | __main__:experiment1_ramanujan_init:767 | INFO |   Saved: eqnas_verification/run_2026-03-13_16-38-57_544384/exp1_ramanujan_init.png
2026-03-13 16:39:23.556 | __main__:save_json:167 | INFO |   Saved: eqnas_verification/run_2026-03-13_16-38-57_544384/exp1_metrics.json
2026-03-13 16:39:23.556 | __main__:experiment1_ramanujan_init:796 | INFO | 
  Exp1 Summary (mean±std):
2026-03-13 16:39:23.556 | __main__:experiment1_ramanujan_init:798 | INFO |   Sparsity 45%:
2026-03-13 16:39:23.556 | __main__:experiment1_ramanujan_init:801 | INFO |     L1                      : fid=0.992±0.000 | acc= 56.3± 0.0%
2026-03-13 16:39:23.556 | __main__:experiment1_ramanujan_init:801 | INFO |     PhaseL1                 : fid=0.988±0.000 | acc= 51.7± 0.0%
2026-03-13 16:39:23.556 | __main__:experiment1_ramanujan_init:801 | INFO |     Ramanujan-Global (No PhaseSq): fid=0.983±0.000 | acc= 63.3± 0.0%
2026-03-13 16:39:23.556 | __main__:experiment1_ramanujan_init:801 | INFO |     Ramanujan Hybrid (Ours) : fid=0.979±0.000 | acc= 58.3± 0.0%
2026-03-13 16:39:23.556 | __main__:experiment1_ramanujan_init:798 | INFO |   Sparsity 50%:
2026-03-13 16:39:23.556 | __main__:experiment1_ramanujan_init:801 | INFO |     L1                      : fid=0.965±0.000 | acc= 36.0± 0.0%
2026-03-13 16:39:23.556 | __main__:experiment1_ramanujan_init:801 | INFO |     PhaseL1                 : fid=0.960±0.000 | acc= 31.3± 0.0%
2026-03-13 16:39:23.556 | __main__:experiment1_ramanujan_init:801 | INFO |     Ramanujan-Global (No PhaseSq): fid=0.979±0.005 | acc= 52.1±14.9%
2026-03-13 16:39:23.556 | __main__:experiment1_ramanujan_init:801 | INFO |     Ramanujan Hybrid (Ours) : fid=0.979±0.002 | acc= 58.0± 0.8%
2026-03-13 16:39:23.556 | __main__:experiment1_ramanujan_init:798 | INFO |   Sparsity 53%:
2026-03-13 16:39:23.556 | __main__:experiment1_ramanujan_init:801 | INFO |     L1                      : fid=0.937±0.000 | acc= 31.0± 0.0%
2026-03-13 16:39:23.556 | __main__:experiment1_ramanujan_init:801 | INFO |     PhaseL1                 : fid=0.959±0.000 | acc= 35.3± 0.0%
2026-03-13 16:39:23.556 | __main__:experiment1_ramanujan_init:801 | INFO |     Ramanujan-Global (No PhaseSq): fid=0.983±0.000 | acc= 53.3± 0.0%
2026-03-13 16:39:23.556 | __main__:experiment1_ramanujan_init:801 | INFO |     Ramanujan Hybrid (Ours) : fid=0.981±0.001 | acc= 59.0± 2.1%
2026-03-13 16:39:23.556 | __main__:experiment1_ramanujan_init:798 | INFO |   Sparsity 56%:
2026-03-13 16:39:23.556 | __main__:experiment1_ramanujan_init:801 | INFO |     L1                      : fid=0.936±0.000 | acc= 30.3± 0.0%
2026-03-13 16:39:23.556 | __main__:experiment1_ramanujan_init:801 | INFO |     PhaseL1                 : fid=0.930±0.000 | acc= 32.0± 0.0%
2026-03-13 16:39:23.556 | __main__:experiment1_ramanujan_init:801 | INFO |     Ramanujan-Global (No PhaseSq): fid=0.967±0.002 | acc= 28.8± 2.8%
2026-03-13 16:39:23.556 | __main__:experiment1_ramanujan_init:801 | INFO |     Ramanujan Hybrid (Ours) : fid=0.977±0.001 | acc= 58.7± 0.5%
2026-03-13 16:39:23.556 | __main__:experiment1_ramanujan_init:798 | INFO |   Sparsity 59%:
2026-03-13 16:39:23.556 | __main__:experiment1_ramanujan_init:801 | INFO |     L1                      : fid=0.915±0.000 | acc= 23.3± 0.0%
2026-03-13 16:39:23.556 | __main__:experiment1_ramanujan_init:801 | INFO |     PhaseL1                 : fid=0.931±0.000 | acc= 28.0± 0.0%
2026-03-13 16:39:23.556 | __main__:experiment1_ramanujan_init:801 | INFO |     Ramanujan-Global (No PhaseSq): fid=0.963±0.003 | acc= 25.0± 2.9%
2026-03-13 16:39:23.556 | __main__:experiment1_ramanujan_init:801 | INFO |     Ramanujan Hybrid (Ours) : fid=0.975±0.000 | acc= 58.0± 0.5%
2026-03-13 16:39:23.556 | __main__:experiment1_ramanujan_init:798 | INFO |   Sparsity 62%:
2026-03-13 16:39:23.556 | __main__:experiment1_ramanujan_init:801 | INFO |     L1                      : fid=0.907±0.000 | acc= 26.0± 0.0%
2026-03-13 16:39:23.556 | __main__:experiment1_ramanujan_init:801 | INFO |     PhaseL1                 : fid=0.913±0.000 | acc= 20.7± 0.0%
2026-03-13 16:39:23.556 | __main__:experiment1_ramanujan_init:801 | INFO |     Ramanujan-Global (No PhaseSq): fid=0.964±0.002 | acc= 21.9± 3.5%
2026-03-13 16:39:23.556 | __main__:experiment1_ramanujan_init:801 | INFO |     Ramanujan Hybrid (Ours) : fid=0.975±0.003 | acc= 53.6± 2.7%
2026-03-13 16:39:23.556 | __main__:experiment1_ramanujan_init:798 | INFO |   Sparsity 65%:
2026-03-13 16:39:23.556 | __main__:experiment1_ramanujan_init:801 | INFO |     L1                      : fid=0.898±0.000 | acc= 24.0± 0.0%
2026-03-13 16:39:23.556 | __main__:experiment1_ramanujan_init:801 | INFO |     PhaseL1                 : fid=0.904±0.000 | acc= 23.3± 0.0%
2026-03-13 16:39:23.556 | __main__:experiment1_ramanujan_init:801 | INFO |     Ramanujan-Global (No PhaseSq): fid=0.963±0.000 | acc= 24.8± 0.2%
2026-03-13 16:39:23.556 | __main__:experiment1_ramanujan_init:801 | INFO |     Ramanujan Hybrid (Ours) : fid=0.973±0.004 | acc= 38.3±16.0%
2026-03-13 16:39:23.556 | __main__:experiment1_ramanujan_init:798 | INFO |   Sparsity 70%:
2026-03-13 16:39:23.556 | __main__:experiment1_ramanujan_init:801 | INFO |     L1                      : fid=0.897±0.000 | acc= 22.0± 0.0%
2026-03-13 16:39:23.556 | __main__:experiment1_ramanujan_init:801 | INFO |     PhaseL1                 : fid=0.887±0.000 | acc= 21.7± 0.0%
2026-03-13 16:39:23.556 | __main__:experiment1_ramanujan_init:801 | INFO |     Ramanujan-Global (No PhaseSq): fid=0.916±0.001 | acc= 27.1± 9.1%
2026-03-13 16:39:23.556 | __main__:experiment1_ramanujan_init:801 | INFO |     Ramanujan Hybrid (Ours) : fid=0.946±0.017 | acc= 33.0±16.0%
2026-03-13 16:39:23.556 | __main__:experiment1_ramanujan_init:798 | INFO |   Sparsity 75%:
2026-03-13 16:39:23.556 | __main__:experiment1_ramanujan_init:801 | INFO |     L1                      : fid=0.897±0.000 | acc= 20.7± 0.0%
2026-03-13 16:39:23.556 | __main__:experiment1_ramanujan_init:801 | INFO |     PhaseL1                 : fid=0.887±0.000 | acc= 21.7± 0.0%
2026-03-13 16:39:23.556 | __main__:experiment1_ramanujan_init:801 | INFO |     Ramanujan-Global (No PhaseSq): fid=0.933±0.020 | acc= 21.4± 6.4%
2026-03-13 16:39:23.556 | __main__:experiment1_ramanujan_init:801 | INFO |     Ramanujan Hybrid (Ours) : fid=0.929±0.014 | acc= 23.2± 0.7%
2026-03-13 16:39:23.557 | __main__:experiment3_multi_objective_search:1877 | INFO | 
======================================================================
2026-03-13 16:39:23.557 | __main__:experiment3_multi_objective_search:1878 | INFO | EXP 3: Multi-Objective Genetic Search Benchmark
2026-03-13 16:39:23.557 | __main__:experiment3_multi_objective_search:1879 | INFO | ======================================================================
2026-03-13 16:39:23.557 | __main__:experiment3_multi_objective_search:1926 | INFO | [Exp3] Benchmark seed = 42
2026-03-13 16:40:22.836 | eqnas:run_search:861 | INFO | 
============================================================
2026-03-13 16:40:22.836 | eqnas:run_search:862 | INFO | [EQNAS Search] Iteration 1/6, population size = 18
2026-03-13 16:40:22.836 | eqnas:run_search:864 | INFO | ============================================================
2026-03-13 16:40:32.412 | eqnas:run_search:884 | INFO |   Best this iter: fitness=0.6933, acc=0.6933, robustness=0.9199, depth=10 | archive=18 unique
2026-03-13 16:40:32.413 | eqnas:run_search:861 | INFO | 
============================================================
2026-03-13 16:40:32.413 | eqnas:run_search:862 | INFO | [EQNAS Search] Iteration 2/6, population size = 18
2026-03-13 16:40:32.413 | eqnas:run_search:864 | INFO | ============================================================
2026-03-13 16:40:41.905 | eqnas:run_search:884 | INFO |   Best this iter: fitness=0.7500, acc=0.7500, robustness=0.9126, depth=10 | archive=36 unique
2026-03-13 16:40:41.905 | eqnas:run_search:861 | INFO | 
============================================================
2026-03-13 16:40:41.906 | eqnas:run_search:862 | INFO | [EQNAS Search] Iteration 3/6, population size = 18
2026-03-13 16:40:41.906 | eqnas:run_search:864 | INFO | ============================================================
2026-03-13 16:40:51.481 | eqnas:run_search:884 | INFO |   Best this iter: fitness=0.7167, acc=0.7167, robustness=0.9814, depth=10 | archive=54 unique
2026-03-13 16:40:51.481 | eqnas:run_search:861 | INFO | 
============================================================
2026-03-13 16:40:51.481 | eqnas:run_search:862 | INFO | [EQNAS Search] Iteration 4/6, population size = 18
2026-03-13 16:40:51.481 | eqnas:run_search:864 | INFO | ============================================================
2026-03-13 16:41:01.035 | eqnas:run_search:884 | INFO |   Best this iter: fitness=0.7233, acc=0.7233, robustness=0.9539, depth=10 | archive=72 unique
2026-03-13 16:41:01.035 | eqnas:run_search:861 | INFO | 
============================================================
2026-03-13 16:41:01.035 | eqnas:run_search:862 | INFO | [EQNAS Search] Iteration 5/6, population size = 18
2026-03-13 16:41:01.035 | eqnas:run_search:864 | INFO | ============================================================
2026-03-13 16:41:10.783 | eqnas:run_search:884 | INFO |   Best this iter: fitness=0.7200, acc=0.7200, robustness=0.9846, depth=12 | archive=90 unique
2026-03-13 16:41:10.791 | eqnas:run_search:861 | INFO | 
============================================================
2026-03-13 16:41:10.791 | eqnas:run_search:862 | INFO | [EQNAS Search] Iteration 6/6, population size = 18
2026-03-13 16:41:10.791 | eqnas:run_search:864 | INFO | ============================================================
2026-03-13 16:41:20.446 | eqnas:run_search:884 | INFO |   Best this iter: fitness=0.7500, acc=0.7500, robustness=0.9556, depth=12 | archive=108 unique
2026-03-13 16:41:20.449 | eqnas:run_search:910 | INFO | 
============================================================
2026-03-13 16:41:20.449 | eqnas:run_search:911 | INFO | [EQNAS Search] Complete!
2026-03-13 16:41:20.449 | eqnas:run_search:912 | INFO |   Best gene: [4, 2, 3, 3, 2, 3, 3]
2026-03-13 16:41:20.449 | eqnas:run_search:913 | INFO |   Best fitness: 0.7500
2026-03-13 16:41:20.449 | eqnas:run_search:914 | INFO |   Best accuracy: 0.7500
2026-03-13 16:41:20.449 | eqnas:run_search:915 | INFO |   Best robustness: 0.9126
2026-03-13 16:41:20.449 | eqnas:run_search:916 | INFO |   Best depth: 10
2026-03-13 16:41:20.449 | eqnas:run_search:917 | INFO |   Pareto front size: 25
2026-03-13 16:41:20.449 | eqnas:run_search:918 | INFO | ============================================================
2026-03-13 16:41:20.450 | eqnas:run_search:861 | INFO | 
============================================================
2026-03-13 16:41:20.450 | eqnas:run_search:862 | INFO | [EQNAS Search] Iteration 1/6, population size = 18
2026-03-13 16:41:20.450 | eqnas:run_search:864 | INFO | ============================================================
2026-03-13 16:41:29.960 | eqnas:run_search:884 | INFO |   Best this iter: fitness=0.7200, acc=0.6933, robustness=0.9199, depth=10 | archive=18 unique
2026-03-13 16:41:29.960 | eqnas:run_search:861 | INFO | 
============================================================
2026-03-13 16:41:29.961 | eqnas:run_search:862 | INFO | [EQNAS Search] Iteration 2/6, population size = 18
2026-03-13 16:41:29.961 | eqnas:run_search:864 | INFO | ============================================================
2026-03-13 16:41:39.603 | eqnas:run_search:884 | INFO |   Best this iter: fitness=0.7625, acc=0.7500, robustness=0.8281, depth=10 | archive=36 unique
2026-03-13 16:41:39.603 | eqnas:run_search:861 | INFO | 
============================================================
2026-03-13 16:41:39.603 | eqnas:run_search:862 | INFO | [EQNAS Search] Iteration 3/6, population size = 18
2026-03-13 16:41:39.603 | eqnas:run_search:864 | INFO | ============================================================
2026-03-13 16:41:49.185 | eqnas:run_search:884 | INFO |   Best this iter: fitness=0.7300, acc=0.6800, robustness=1.0000, depth=6 | archive=54 unique
2026-03-13 16:41:49.185 | eqnas:run_search:861 | INFO | 
============================================================
2026-03-13 16:41:49.185 | eqnas:run_search:862 | INFO | [EQNAS Search] Iteration 4/6, population size = 18
2026-03-13 16:41:49.185 | eqnas:run_search:864 | INFO | ============================================================
2026-03-13 16:41:58.747 | eqnas:run_search:884 | INFO |   Best this iter: fitness=0.7375, acc=0.7033, robustness=0.8878, depth=8 | archive=72 unique
2026-03-13 16:41:58.747 | eqnas:run_search:861 | INFO | 
============================================================
2026-03-13 16:41:58.747 | eqnas:run_search:862 | INFO | [EQNAS Search] Iteration 5/6, population size = 18
2026-03-13 16:41:58.747 | eqnas:run_search:864 | INFO | ============================================================
2026-03-13 16:42:08.472 | eqnas:run_search:884 | INFO |   Best this iter: fitness=0.7625, acc=0.7433, robustness=0.9507, depth=9 | archive=90 unique
2026-03-13 16:42:08.472 | eqnas:run_search:861 | INFO | 
============================================================
2026-03-13 16:42:08.472 | eqnas:run_search:862 | INFO | [EQNAS Search] Iteration 6/6, population size = 18
2026-03-13 16:42:08.472 | eqnas:run_search:864 | INFO | ============================================================
2026-03-13 16:42:18.005 | eqnas:run_search:884 | INFO |   Best this iter: fitness=0.7600, acc=0.7400, robustness=0.9309, depth=9 | archive=108 unique
2026-03-13 16:42:18.009 | eqnas:run_search:910 | INFO | 
============================================================
2026-03-13 16:42:18.009 | eqnas:run_search:911 | INFO | [EQNAS Search] Complete!
2026-03-13 16:42:18.009 | eqnas:run_search:912 | INFO |   Best gene: [4, 2, 3, 3, 2, 3, 3]
2026-03-13 16:42:18.009 | eqnas:run_search:913 | INFO |   Best fitness: 0.7625
2026-03-13 16:42:18.009 | eqnas:run_search:914 | INFO |   Best accuracy: 0.7500
2026-03-13 16:42:18.009 | eqnas:run_search:915 | INFO |   Best robustness: 0.8281
2026-03-13 16:42:18.009 | eqnas:run_search:916 | INFO |   Best depth: 10
2026-03-13 16:42:18.009 | eqnas:run_search:917 | INFO |   Pareto front size: 14
2026-03-13 16:42:18.009 | eqnas:run_search:918 | INFO | ============================================================
2026-03-13 16:42:18.009 | eqnas:run_search:861 | INFO | 
============================================================
2026-03-13 16:42:18.009 | eqnas:run_search:862 | INFO | [EQNAS Search] Iteration 1/6, population size = 18
2026-03-13 16:42:18.009 | eqnas:run_search:864 | INFO | ============================================================
2026-03-13 16:42:27.501 | eqnas:run_search:884 | INFO |   Best this iter: fitness=0.7613, acc=0.6933, robustness=0.9199, depth=10 | archive=18 unique
2026-03-13 16:42:27.501 | eqnas:run_search:861 | INFO | 
============================================================
2026-03-13 16:42:27.501 | eqnas:run_search:862 | INFO | [EQNAS Search] Iteration 2/6, population size = 18
2026-03-13 16:42:27.501 | eqnas:run_search:864 | INFO | ============================================================
2026-03-13 16:42:37.123 | eqnas:run_search:884 | INFO |   Best this iter: fitness=0.7575, acc=0.6600, robustness=0.9848, depth=12 | archive=36 unique
2026-03-13 16:42:37.123 | eqnas:run_search:861 | INFO | 
============================================================
2026-03-13 16:42:37.123 | eqnas:run_search:862 | INFO | [EQNAS Search] Iteration 3/6, population size = 18
2026-03-13 16:42:37.123 | eqnas:run_search:864 | INFO | ============================================================
2026-03-13 16:42:46.729 | eqnas:run_search:884 | INFO |   Best this iter: fitness=0.8006, acc=0.7500, robustness=0.9185, depth=10 | archive=54 unique
2026-03-13 16:42:46.729 | eqnas:run_search:861 | INFO | 
============================================================
2026-03-13 16:42:46.729 | eqnas:run_search:862 | INFO | [EQNAS Search] Iteration 4/6, population size = 18
2026-03-13 16:42:46.729 | eqnas:run_search:864 | INFO | ============================================================
2026-03-13 16:42:56.315 | eqnas:run_search:884 | INFO |   Best this iter: fitness=0.7613, acc=0.6633, robustness=0.9899, depth=11 | archive=72 unique
2026-03-13 16:42:56.316 | eqnas:run_search:861 | INFO | 
============================================================
2026-03-13 16:42:56.316 | eqnas:run_search:862 | INFO | [EQNAS Search] Iteration 5/6, population size = 18
2026-03-13 16:42:56.316 | eqnas:run_search:864 | INFO | ============================================================
2026-03-13 16:43:05.988 | eqnas:run_search:884 | INFO |   Best this iter: fitness=0.8000, acc=0.7267, robustness=0.9709, depth=9 | archive=90 unique
2026-03-13 16:43:05.989 | eqnas:run_search:861 | INFO | 
============================================================
2026-03-13 16:43:05.989 | eqnas:run_search:862 | INFO | [EQNAS Search] Iteration 6/6, population size = 18
2026-03-13 16:43:05.989 | eqnas:run_search:864 | INFO | ============================================================
2026-03-13 16:43:15.514 | eqnas:run_search:884 | INFO |   Best this iter: fitness=0.8117, acc=0.7500, robustness=0.9556, depth=11 | archive=108 unique
2026-03-13 16:43:15.517 | eqnas:run_search:910 | INFO | 
============================================================
2026-03-13 16:43:15.517 | eqnas:run_search:911 | INFO | [EQNAS Search] Complete!
2026-03-13 16:43:15.517 | eqnas:run_search:912 | INFO |   Best gene: [4, 2, 3, 3, 2, 4, 3]
2026-03-13 16:43:15.517 | eqnas:run_search:913 | INFO |   Best fitness: 0.8117
2026-03-13 16:43:15.517 | eqnas:run_search:914 | INFO |   Best accuracy: 0.7500
2026-03-13 16:43:15.517 | eqnas:run_search:915 | INFO |   Best robustness: 0.9556
2026-03-13 16:43:15.517 | eqnas:run_search:916 | INFO |   Best depth: 11
2026-03-13 16:43:15.517 | eqnas:run_search:917 | INFO |   Pareto front size: 24
2026-03-13 16:43:15.517 | eqnas:run_search:918 | INFO | ============================================================
2026-03-13 16:43:15.518 | eqnas:run_search:861 | INFO | 
============================================================
2026-03-13 16:43:15.518 | eqnas:run_search:862 | INFO | [EQNAS Search] Iteration 1/6, population size = 18
2026-03-13 16:43:15.518 | eqnas:run_search:864 | INFO | ============================================================
2026-03-13 16:43:25.046 | eqnas:run_search:884 | INFO |   Best this iter: fitness=0.9123, acc=0.6467, robustness=0.9983, depth=4 | archive=18 unique
2026-03-13 16:43:25.046 | eqnas:run_search:861 | INFO | 
============================================================
2026-03-13 16:43:25.046 | eqnas:run_search:862 | INFO | [EQNAS Search] Iteration 2/6, population size = 18
2026-03-13 16:43:25.046 | eqnas:run_search:864 | INFO | ============================================================
2026-03-13 16:43:34.420 | eqnas:run_search:884 | INFO |   Best this iter: fitness=0.8993, acc=0.6167, robustness=1.0000, depth=6 | archive=36 unique
2026-03-13 16:43:34.420 | eqnas:run_search:861 | INFO | 
============================================================
2026-03-13 16:43:34.420 | eqnas:run_search:862 | INFO | [EQNAS Search] Iteration 3/6, population size = 18
2026-03-13 16:43:34.420 | eqnas:run_search:864 | INFO | ============================================================
2026-03-13 16:43:43.915 | eqnas:run_search:884 | INFO |   Best this iter: fitness=0.9060, acc=0.6300, robustness=1.0000, depth=5 | archive=54 unique
2026-03-13 16:43:43.915 | eqnas:run_search:861 | INFO | 
============================================================
2026-03-13 16:43:43.915 | eqnas:run_search:862 | INFO | [EQNAS Search] Iteration 4/6, population size = 18
2026-03-13 16:43:43.915 | eqnas:run_search:864 | INFO | ============================================================
2026-03-13 16:43:53.387 | eqnas:run_search:884 | INFO |   Best this iter: fitness=0.8979, acc=0.6467, robustness=0.9742, depth=4 | archive=72 unique
2026-03-13 16:43:53.387 | eqnas:run_search:861 | INFO | 
============================================================
2026-03-13 16:43:53.388 | eqnas:run_search:862 | INFO | [EQNAS Search] Iteration 5/6, population size = 18
2026-03-13 16:43:53.388 | eqnas:run_search:864 | INFO | ============================================================
2026-03-13 16:44:02.836 | eqnas:run_search:884 | INFO |   Best this iter: fitness=0.9033, acc=0.6367, robustness=1.0000, depth=6 | archive=90 unique
2026-03-13 16:44:02.836 | eqnas:run_search:861 | INFO | 
============================================================
2026-03-13 16:44:02.836 | eqnas:run_search:862 | INFO | [EQNAS Search] Iteration 6/6, population size = 18
2026-03-13 16:44:02.836 | eqnas:run_search:864 | INFO | ============================================================
2026-03-13 16:44:12.381 | eqnas:run_search:884 | INFO |   Best this iter: fitness=0.9007, acc=0.6433, robustness=1.0000, depth=7 | archive=108 unique
2026-03-13 16:44:12.384 | eqnas:run_search:910 | INFO | 
============================================================
2026-03-13 16:44:12.384 | eqnas:run_search:911 | INFO | [EQNAS Search] Complete!
2026-03-13 16:44:12.384 | eqnas:run_search:912 | INFO |   Best gene: [4, 1, 4, 1, 1, 1, 2]
2026-03-13 16:44:12.384 | eqnas:run_search:913 | INFO |   Best fitness: 0.9123
2026-03-13 16:44:12.384 | eqnas:run_search:914 | INFO |   Best accuracy: 0.6467
2026-03-13 16:44:12.384 | eqnas:run_search:915 | INFO |   Best robustness: 0.9983
2026-03-13 16:44:12.384 | eqnas:run_search:916 | INFO |   Best depth: 4
2026-03-13 16:44:12.384 | eqnas:run_search:917 | INFO |   Pareto front size: 13
2026-03-13 16:44:12.384 | eqnas:run_search:918 | INFO | ============================================================
2026-03-13 16:44:12.448 | __main__:experiment3_multi_objective_search:1926 | INFO | [Exp3] Benchmark seed = 53
2026-03-13 16:45:11.710 | eqnas:run_search:861 | INFO | 
============================================================
2026-03-13 16:45:11.710 | eqnas:run_search:862 | INFO | [EQNAS Search] Iteration 1/6, population size = 18
2026-03-13 16:45:11.710 | eqnas:run_search:864 | INFO | ============================================================
2026-03-13 16:45:21.115 | eqnas:run_search:884 | INFO |   Best this iter: fitness=0.6233, acc=0.6233, robustness=0.9768, depth=5 | archive=18 unique
2026-03-13 16:45:21.115 | eqnas:run_search:861 | INFO | 
============================================================
2026-03-13 16:45:21.115 | eqnas:run_search:862 | INFO | [EQNAS Search] Iteration 2/6, population size = 18
2026-03-13 16:45:21.115 | eqnas:run_search:864 | INFO | ============================================================
2026-03-13 16:45:30.558 | eqnas:run_search:884 | INFO |   Best this iter: fitness=0.6500, acc=0.6500, robustness=0.9573, depth=8 | archive=36 unique
2026-03-13 16:45:30.558 | eqnas:run_search:861 | INFO | 
============================================================
2026-03-13 16:45:30.558 | eqnas:run_search:862 | INFO | [EQNAS Search] Iteration 3/6, population size = 18
2026-03-13 16:45:30.558 | eqnas:run_search:864 | INFO | ============================================================
2026-03-13 16:45:39.972 | eqnas:run_search:884 | INFO |   Best this iter: fitness=0.6967, acc=0.6967, robustness=0.8963, depth=7 | archive=54 unique
2026-03-13 16:45:39.973 | eqnas:run_search:861 | INFO | 
============================================================
2026-03-13 16:45:39.973 | eqnas:run_search:862 | INFO | [EQNAS Search] Iteration 4/6, population size = 18
2026-03-13 16:45:39.973 | eqnas:run_search:864 | INFO | ============================================================
2026-03-13 16:45:49.574 | eqnas:run_search:884 | INFO |   Best this iter: fitness=0.7000, acc=0.7000, robustness=0.8444, depth=12 | archive=72 unique
2026-03-13 16:45:49.575 | eqnas:run_search:861 | INFO | 
============================================================
2026-03-13 16:45:49.575 | eqnas:run_search:862 | INFO | [EQNAS Search] Iteration 5/6, population size = 18
2026-03-13 16:45:49.575 | eqnas:run_search:864 | INFO | ============================================================
2026-03-13 16:45:59.257 | eqnas:run_search:884 | INFO |   Best this iter: fitness=0.7167, acc=0.7167, robustness=0.9922, depth=10 | archive=90 unique
2026-03-13 16:45:59.259 | eqnas:run_search:861 | INFO | 
============================================================
2026-03-13 16:45:59.259 | eqnas:run_search:862 | INFO | [EQNAS Search] Iteration 6/6, population size = 18
2026-03-13 16:45:59.259 | eqnas:run_search:864 | INFO | ============================================================
2026-03-13 16:46:08.932 | eqnas:run_search:884 | INFO |   Best this iter: fitness=0.7167, acc=0.7167, robustness=0.9101, depth=11 | archive=108 unique
2026-03-13 16:46:08.935 | eqnas:run_search:910 | INFO | 
============================================================
2026-03-13 16:46:08.935 | eqnas:run_search:911 | INFO | [EQNAS Search] Complete!
2026-03-13 16:46:08.935 | eqnas:run_search:912 | INFO |   Best gene: [4, 2, 4, 3, 2, 3, 3]
2026-03-13 16:46:08.935 | eqnas:run_search:913 | INFO |   Best fitness: 0.7167
2026-03-13 16:46:08.935 | eqnas:run_search:914 | INFO |   Best accuracy: 0.7167
2026-03-13 16:46:08.935 | eqnas:run_search:915 | INFO |   Best robustness: 0.9922
2026-03-13 16:46:08.935 | eqnas:run_search:916 | INFO |   Best depth: 10
2026-03-13 16:46:08.935 | eqnas:run_search:917 | INFO |   Pareto front size: 21
2026-03-13 16:46:08.935 | eqnas:run_search:918 | INFO | ============================================================
2026-03-13 16:46:08.936 | eqnas:run_search:861 | INFO | 
============================================================
2026-03-13 16:46:08.936 | eqnas:run_search:862 | INFO | [EQNAS Search] Iteration 1/6, population size = 18
2026-03-13 16:46:08.936 | eqnas:run_search:864 | INFO | ============================================================
2026-03-13 16:46:18.421 | eqnas:run_search:884 | INFO |   Best this iter: fitness=0.6925, acc=0.6233, robustness=0.9768, depth=5 | archive=18 unique
2026-03-13 16:46:18.421 | eqnas:run_search:861 | INFO | 
============================================================
2026-03-13 16:46:18.421 | eqnas:run_search:862 | INFO | [EQNAS Search] Iteration 2/6, population size = 18
2026-03-13 16:46:18.421 | eqnas:run_search:864 | INFO | ============================================================
2026-03-13 16:46:27.865 | eqnas:run_search:884 | INFO |   Best this iter: fitness=0.6975, acc=0.6300, robustness=0.9718, depth=5 | archive=36 unique
2026-03-13 16:46:27.866 | eqnas:run_search:861 | INFO | 
============================================================
2026-03-13 16:46:27.866 | eqnas:run_search:862 | INFO | [EQNAS Search] Iteration 3/6, population size = 18
2026-03-13 16:46:27.866 | eqnas:run_search:864 | INFO | ============================================================
2026-03-13 16:46:37.275 | eqnas:run_search:884 | INFO |   Best this iter: fitness=0.7100, acc=0.6533, robustness=0.9745, depth=6 | archive=54 unique
2026-03-13 16:46:37.276 | eqnas:run_search:861 | INFO | 
============================================================
2026-03-13 16:46:37.276 | eqnas:run_search:862 | INFO | [EQNAS Search] Iteration 4/6, population size = 18
2026-03-13 16:46:37.276 | eqnas:run_search:864 | INFO | ============================================================
2026-03-13 16:46:46.808 | eqnas:run_search:884 | INFO |   Best this iter: fitness=0.7100, acc=0.6533, robustness=0.9796, depth=6 | archive=72 unique
2026-03-13 16:46:46.808 | eqnas:run_search:861 | INFO | 
============================================================
2026-03-13 16:46:46.808 | eqnas:run_search:862 | INFO | [EQNAS Search] Iteration 5/6, population size = 18
2026-03-13 16:46:46.808 | eqnas:run_search:864 | INFO | ============================================================
2026-03-13 16:46:56.216 | eqnas:run_search:884 | INFO |   Best this iter: fitness=0.7050, acc=0.6533, robustness=0.9371, depth=7 | archive=90 unique
2026-03-13 16:46:56.216 | eqnas:run_search:861 | INFO | 
============================================================
2026-03-13 16:46:56.216 | eqnas:run_search:862 | INFO | [EQNAS Search] Iteration 6/6, population size = 18
2026-03-13 16:46:56.216 | eqnas:run_search:864 | INFO | ============================================================
2026-03-13 16:47:05.716 | eqnas:run_search:884 | INFO |   Best this iter: fitness=0.6975, acc=0.6633, robustness=0.9933, depth=10 | archive=108 unique
2026-03-13 16:47:05.720 | eqnas:run_search:910 | INFO | 
============================================================
2026-03-13 16:47:05.720 | eqnas:run_search:911 | INFO | [EQNAS Search] Complete!
2026-03-13 16:47:05.720 | eqnas:run_search:912 | INFO |   Best gene: [3, 1, 2, 3, 3, 1, 2]
2026-03-13 16:47:05.720 | eqnas:run_search:913 | INFO |   Best fitness: 0.7100
2026-03-13 16:47:05.720 | eqnas:run_search:914 | INFO |   Best accuracy: 0.6533
2026-03-13 16:47:05.720 | eqnas:run_search:915 | INFO |   Best robustness: 0.9745
2026-03-13 16:47:05.720 | eqnas:run_search:916 | INFO |   Best depth: 6
2026-03-13 16:47:05.720 | eqnas:run_search:917 | INFO |   Pareto front size: 6
2026-03-13 16:47:05.720 | eqnas:run_search:918 | INFO | ============================================================
2026-03-13 16:47:05.720 | eqnas:run_search:861 | INFO | 
============================================================
2026-03-13 16:47:05.720 | eqnas:run_search:862 | INFO | [EQNAS Search] Iteration 1/6, population size = 18
2026-03-13 16:47:05.720 | eqnas:run_search:864 | INFO | ============================================================
2026-03-13 16:47:15.100 | eqnas:run_search:884 | INFO |   Best this iter: fitness=0.7363, acc=0.6233, robustness=1.0000, depth=5 | archive=18 unique
2026-03-13 16:47:15.100 | eqnas:run_search:861 | INFO | 
============================================================
2026-03-13 16:47:15.100 | eqnas:run_search:862 | INFO | [EQNAS Search] Iteration 2/6, population size = 18
2026-03-13 16:47:15.100 | eqnas:run_search:864 | INFO | ============================================================
2026-03-13 16:47:24.550 | eqnas:run_search:884 | INFO |   Best this iter: fitness=0.7478, acc=0.6500, robustness=0.9761, depth=8 | archive=36 unique
2026-03-13 16:47:24.550 | eqnas:run_search:861 | INFO | 
============================================================
2026-03-13 16:47:24.551 | eqnas:run_search:862 | INFO | [EQNAS Search] Iteration 3/6, population size = 18
2026-03-13 16:47:24.551 | eqnas:run_search:864 | INFO | ============================================================
2026-03-13 16:47:33.996 | eqnas:run_search:884 | INFO |   Best this iter: fitness=0.7553, acc=0.6533, robustness=0.9932, depth=6 | archive=54 unique
2026-03-13 16:47:33.996 | eqnas:run_search:861 | INFO | 
============================================================
2026-03-13 16:47:33.996 | eqnas:run_search:862 | INFO | [EQNAS Search] Iteration 4/6, population size = 18
2026-03-13 16:47:33.996 | eqnas:run_search:864 | INFO | ============================================================
2026-03-13 16:47:43.631 | eqnas:run_search:884 | INFO |   Best this iter: fitness=0.7740, acc=0.6800, robustness=0.9935, depth=10 | archive=72 unique
2026-03-13 16:47:43.632 | eqnas:run_search:861 | INFO | 
============================================================
2026-03-13 16:47:43.632 | eqnas:run_search:862 | INFO | [EQNAS Search] Iteration 5/6, population size = 18
2026-03-13 16:47:43.632 | eqnas:run_search:864 | INFO | ============================================================
2026-03-13 16:47:53.151 | eqnas:run_search:884 | INFO |   Best this iter: fitness=0.7643, acc=0.6633, robustness=1.0000, depth=13 | archive=90 unique
2026-03-13 16:47:53.151 | eqnas:run_search:861 | INFO | 
============================================================
2026-03-13 16:47:53.151 | eqnas:run_search:862 | INFO | [EQNAS Search] Iteration 6/6, population size = 18
2026-03-13 16:47:53.151 | eqnas:run_search:864 | INFO | ============================================================
2026-03-13 16:48:02.700 | eqnas:run_search:884 | INFO |   Best this iter: fitness=0.7778, acc=0.6833, robustness=0.9984, depth=10 | archive=108 unique
2026-03-13 16:48:02.704 | eqnas:run_search:910 | INFO | 
============================================================
2026-03-13 16:48:02.704 | eqnas:run_search:911 | INFO | [EQNAS Search] Complete!
2026-03-13 16:48:02.704 | eqnas:run_search:912 | INFO |   Best gene: [3, 3, 2, 4, 4, 1, 3]
2026-03-13 16:48:02.704 | eqnas:run_search:913 | INFO |   Best fitness: 0.7778
2026-03-13 16:48:02.704 | eqnas:run_search:914 | INFO |   Best accuracy: 0.6833
2026-03-13 16:48:02.704 | eqnas:run_search:915 | INFO |   Best robustness: 0.9984
2026-03-13 16:48:02.704 | eqnas:run_search:916 | INFO |   Best depth: 10
2026-03-13 16:48:02.704 | eqnas:run_search:917 | INFO |   Pareto front size: 21
2026-03-13 16:48:02.704 | eqnas:run_search:918 | INFO | ============================================================
2026-03-13 16:48:02.704 | eqnas:run_search:861 | INFO | 
============================================================
2026-03-13 16:48:02.704 | eqnas:run_search:862 | INFO | [EQNAS Search] Iteration 1/6, population size = 18
2026-03-13 16:48:02.704 | eqnas:run_search:864 | INFO | ============================================================
2026-03-13 16:48:12.171 | eqnas:run_search:884 | INFO |   Best this iter: fitness=0.9107, acc=0.6733, robustness=1.0000, depth=6 | archive=18 unique
2026-03-13 16:48:12.171 | eqnas:run_search:861 | INFO | 
============================================================
2026-03-13 16:48:12.171 | eqnas:run_search:862 | INFO | [EQNAS Search] Iteration 2/6, population size = 18
2026-03-13 16:48:12.171 | eqnas:run_search:864 | INFO | ============================================================
2026-03-13 16:48:21.660 | eqnas:run_search:884 | INFO |   Best this iter: fitness=0.8987, acc=0.5933, robustness=1.0000, depth=5 | archive=36 unique
2026-03-13 16:48:21.660 | eqnas:run_search:861 | INFO | 
============================================================
2026-03-13 16:48:21.660 | eqnas:run_search:862 | INFO | [EQNAS Search] Iteration 3/6, population size = 18
2026-03-13 16:48:21.660 | eqnas:run_search:864 | INFO | ============================================================
2026-03-13 16:48:31.184 | eqnas:run_search:884 | INFO |   Best this iter: fitness=0.9013, acc=0.6067, robustness=1.0000, depth=5 | archive=54 unique
2026-03-13 16:48:31.185 | eqnas:run_search:861 | INFO | 
============================================================
2026-03-13 16:48:31.185 | eqnas:run_search:862 | INFO | [EQNAS Search] Iteration 4/6, population size = 18
2026-03-13 16:48:31.185 | eqnas:run_search:864 | INFO | ============================================================
2026-03-13 16:48:40.536 | eqnas:run_search:884 | INFO |   Best this iter: fitness=0.9060, acc=0.6300, robustness=1.0000, depth=5 | archive=72 unique
2026-03-13 16:48:40.537 | eqnas:run_search:861 | INFO | 
============================================================
2026-03-13 16:48:40.537 | eqnas:run_search:862 | INFO | [EQNAS Search] Iteration 5/6, population size = 18
2026-03-13 16:48:40.537 | eqnas:run_search:864 | INFO | ============================================================
2026-03-13 16:48:50.014 | eqnas:run_search:884 | INFO |   Best this iter: fitness=0.9013, acc=0.6067, robustness=1.0000, depth=5 | archive=90 unique
2026-03-13 16:48:50.014 | eqnas:run_search:861 | INFO | 
============================================================
2026-03-13 16:48:50.014 | eqnas:run_search:862 | INFO | [EQNAS Search] Iteration 6/6, population size = 18
2026-03-13 16:48:50.014 | eqnas:run_search:864 | INFO | ============================================================
2026-03-13 16:48:59.742 | eqnas:run_search:884 | INFO |   Best this iter: fitness=0.9070, acc=0.6400, robustness=0.9983, depth=5 | archive=108 unique
2026-03-13 16:48:59.745 | eqnas:run_search:910 | INFO | 
============================================================
2026-03-13 16:48:59.745 | eqnas:run_search:911 | INFO | [EQNAS Search] Complete!
2026-03-13 16:48:59.745 | eqnas:run_search:912 | INFO |   Best gene: [4, 1, 4, 3, 2, 2, 2]
2026-03-13 16:48:59.745 | eqnas:run_search:913 | INFO |   Best fitness: 0.9107
2026-03-13 16:48:59.745 | eqnas:run_search:914 | INFO |   Best accuracy: 0.6733
2026-03-13 16:48:59.745 | eqnas:run_search:915 | INFO |   Best robustness: 1.0000
2026-03-13 16:48:59.745 | eqnas:run_search:916 | INFO |   Best depth: 6
2026-03-13 16:48:59.745 | eqnas:run_search:917 | INFO |   Pareto front size: 17
2026-03-13 16:48:59.745 | eqnas:run_search:918 | INFO | ============================================================
2026-03-13 16:48:59.791 | __main__:experiment3_multi_objective_search:1926 | INFO | [Exp3] Benchmark seed = 65
2026-03-13 16:49:57.875 | eqnas:run_search:861 | INFO | 
============================================================
2026-03-13 16:49:57.875 | eqnas:run_search:862 | INFO | [EQNAS Search] Iteration 1/6, population size = 18
2026-03-13 16:49:57.875 | eqnas:run_search:864 | INFO | ============================================================
2026-03-13 16:50:07.245 | eqnas:run_search:884 | INFO |   Best this iter: fitness=0.6533, acc=0.6533, robustness=0.9660, depth=6 | archive=18 unique
2026-03-13 16:50:07.245 | eqnas:run_search:861 | INFO | 
============================================================
2026-03-13 16:50:07.245 | eqnas:run_search:862 | INFO | [EQNAS Search] Iteration 2/6, population size = 18
2026-03-13 16:50:07.245 | eqnas:run_search:864 | INFO | ============================================================
2026-03-13 16:50:16.554 | eqnas:run_search:884 | INFO |   Best this iter: fitness=0.6633, acc=0.6633, robustness=0.9849, depth=12 | archive=36 unique
2026-03-13 16:50:16.554 | eqnas:run_search:861 | INFO | 
============================================================
2026-03-13 16:50:16.554 | eqnas:run_search:862 | INFO | [EQNAS Search] Iteration 3/6, population size = 18
2026-03-13 16:50:16.554 | eqnas:run_search:864 | INFO | ============================================================
2026-03-13 16:50:25.859 | eqnas:run_search:884 | INFO |   Best this iter: fitness=0.7133, acc=0.7133, robustness=0.9657, depth=11 | archive=54 unique
2026-03-13 16:50:25.859 | eqnas:run_search:861 | INFO | 
============================================================
2026-03-13 16:50:25.859 | eqnas:run_search:862 | INFO | [EQNAS Search] Iteration 4/6, population size = 18
2026-03-13 16:50:25.859 | eqnas:run_search:864 | INFO | ============================================================
2026-03-13 16:50:35.275 | eqnas:run_search:884 | INFO |   Best this iter: fitness=0.6667, acc=0.6667, robustness=0.9817, depth=9 | archive=72 unique
2026-03-13 16:50:35.283 | eqnas:run_search:861 | INFO | 
============================================================
2026-03-13 16:50:35.283 | eqnas:run_search:862 | INFO | [EQNAS Search] Iteration 5/6, population size = 18
2026-03-13 16:50:35.283 | eqnas:run_search:864 | INFO | ============================================================
2026-03-13 16:50:44.692 | eqnas:run_search:884 | INFO |   Best this iter: fitness=0.7100, acc=0.7100, robustness=0.9233, depth=9 | archive=90 unique
2026-03-13 16:50:44.693 | eqnas:run_search:861 | INFO | 
============================================================
2026-03-13 16:50:44.693 | eqnas:run_search:862 | INFO | [EQNAS Search] Iteration 6/6, population size = 18
2026-03-13 16:50:44.693 | eqnas:run_search:864 | INFO | ============================================================
2026-03-13 16:50:54.156 | eqnas:run_search:884 | INFO |   Best this iter: fitness=0.6967, acc=0.6967, robustness=0.9904, depth=11 | archive=108 unique
2026-03-13 16:50:54.159 | eqnas:run_search:910 | INFO | 
============================================================
2026-03-13 16:50:54.160 | eqnas:run_search:911 | INFO | [EQNAS Search] Complete!
2026-03-13 16:50:54.160 | eqnas:run_search:912 | INFO |   Best gene: [3, 3, 2, 4, 4, 2, 3]
2026-03-13 16:50:54.160 | eqnas:run_search:913 | INFO |   Best fitness: 0.7133
2026-03-13 16:50:54.160 | eqnas:run_search:914 | INFO |   Best accuracy: 0.7133
2026-03-13 16:50:54.160 | eqnas:run_search:915 | INFO |   Best robustness: 0.9657
2026-03-13 16:50:54.160 | eqnas:run_search:916 | INFO |   Best depth: 11
2026-03-13 16:50:54.160 | eqnas:run_search:917 | INFO |   Pareto front size: 13
2026-03-13 16:50:54.160 | eqnas:run_search:918 | INFO | ============================================================
2026-03-13 16:50:54.160 | eqnas:run_search:861 | INFO | 
============================================================
2026-03-13 16:50:54.160 | eqnas:run_search:862 | INFO | [EQNAS Search] Iteration 1/6, population size = 18
2026-03-13 16:50:54.160 | eqnas:run_search:864 | INFO | ============================================================
2026-03-13 16:51:03.485 | eqnas:run_search:884 | INFO |   Best this iter: fitness=0.7100, acc=0.6533, robustness=0.9660, depth=6 | archive=18 unique
2026-03-13 16:51:03.485 | eqnas:run_search:861 | INFO | 
============================================================
2026-03-13 16:51:03.485 | eqnas:run_search:862 | INFO | [EQNAS Search] Iteration 2/6, population size = 18
2026-03-13 16:51:03.485 | eqnas:run_search:864 | INFO | ============================================================
2026-03-13 16:51:12.748 | eqnas:run_search:884 | INFO |   Best this iter: fitness=0.7025, acc=0.6433, robustness=0.9931, depth=6 | archive=36 unique
2026-03-13 16:51:12.748 | eqnas:run_search:861 | INFO | 
============================================================
2026-03-13 16:51:12.748 | eqnas:run_search:862 | INFO | [EQNAS Search] Iteration 3/6, population size = 18
2026-03-13 16:51:12.748 | eqnas:run_search:864 | INFO | ============================================================
2026-03-13 16:51:22.070 | eqnas:run_search:884 | INFO |   Best this iter: fitness=0.6975, acc=0.6500, robustness=0.9983, depth=8 | archive=54 unique
2026-03-13 16:51:22.071 | eqnas:run_search:861 | INFO | 
============================================================
2026-03-13 16:51:22.071 | eqnas:run_search:862 | INFO | [EQNAS Search] Iteration 4/6, population size = 18
2026-03-13 16:51:22.071 | eqnas:run_search:864 | INFO | ============================================================
2026-03-13 16:51:31.435 | eqnas:run_search:884 | INFO |   Best this iter: fitness=0.7200, acc=0.6733, robustness=0.9142, depth=7 | archive=72 unique
2026-03-13 16:51:31.436 | eqnas:run_search:861 | INFO | 
============================================================
2026-03-13 16:51:31.436 | eqnas:run_search:862 | INFO | [EQNAS Search] Iteration 5/6, population size = 18
2026-03-13 16:51:31.436 | eqnas:run_search:864 | INFO | ============================================================
2026-03-13 16:51:40.680 | eqnas:run_search:884 | INFO |   Best this iter: fitness=0.7100, acc=0.6533, robustness=0.9915, depth=6 | archive=90 unique
2026-03-13 16:51:40.681 | eqnas:run_search:861 | INFO | 
============================================================
2026-03-13 16:51:40.681 | eqnas:run_search:862 | INFO | [EQNAS Search] Iteration 6/6, population size = 18
2026-03-13 16:51:40.681 | eqnas:run_search:864 | INFO | ============================================================
2026-03-13 16:51:49.949 | eqnas:run_search:884 | INFO |   Best this iter: fitness=0.7300, acc=0.6800, robustness=0.9592, depth=6 | archive=108 unique
2026-03-13 16:51:49.952 | eqnas:run_search:910 | INFO | 
============================================================
2026-03-13 16:51:49.952 | eqnas:run_search:911 | INFO | [EQNAS Search] Complete!
2026-03-13 16:51:49.952 | eqnas:run_search:912 | INFO |   Best gene: [4, 1, 3, 3, 2, 4, 2]
2026-03-13 16:51:49.952 | eqnas:run_search:913 | INFO |   Best fitness: 0.7300
2026-03-13 16:51:49.952 | eqnas:run_search:914 | INFO |   Best accuracy: 0.6800
2026-03-13 16:51:49.952 | eqnas:run_search:915 | INFO |   Best robustness: 0.9592
2026-03-13 16:51:49.952 | eqnas:run_search:916 | INFO |   Best depth: 6
2026-03-13 16:51:49.952 | eqnas:run_search:917 | INFO |   Pareto front size: 14
2026-03-13 16:51:49.952 | eqnas:run_search:918 | INFO | ============================================================
2026-03-13 16:51:49.953 | eqnas:run_search:861 | INFO | 
============================================================
2026-03-13 16:51:49.953 | eqnas:run_search:862 | INFO | [EQNAS Search] Iteration 1/6, population size = 18
2026-03-13 16:51:49.953 | eqnas:run_search:864 | INFO | ============================================================
2026-03-13 16:51:59.471 | eqnas:run_search:884 | INFO |   Best this iter: fitness=0.7471, acc=0.6533, robustness=0.9660, depth=6 | archive=18 unique
2026-03-13 16:51:59.472 | eqnas:run_search:861 | INFO | 
============================================================
2026-03-13 16:51:59.472 | eqnas:run_search:862 | INFO | [EQNAS Search] Iteration 2/6, population size = 18
2026-03-13 16:51:59.472 | eqnas:run_search:864 | INFO | ============================================================
2026-03-13 16:52:08.872 | eqnas:run_search:884 | INFO |   Best this iter: fitness=0.7527, acc=0.6467, robustness=1.0000, depth=10 | archive=36 unique
2026-03-13 16:52:08.872 | eqnas:run_search:861 | INFO | 
============================================================
2026-03-13 16:52:08.872 | eqnas:run_search:862 | INFO | [EQNAS Search] Iteration 3/6, population size = 18
2026-03-13 16:52:08.872 | eqnas:run_search:864 | INFO | ============================================================
2026-03-13 16:52:18.319 | eqnas:run_search:884 | INFO |   Best this iter: fitness=0.7614, acc=0.6767, robustness=0.9589, depth=9 | archive=54 unique
2026-03-13 16:52:18.319 | eqnas:run_search:861 | INFO | 
============================================================
2026-03-13 16:52:18.319 | eqnas:run_search:862 | INFO | [EQNAS Search] Iteration 4/6, population size = 18
2026-03-13 16:52:18.320 | eqnas:run_search:864 | INFO | ============================================================
2026-03-13 16:52:27.724 | eqnas:run_search:884 | INFO |   Best this iter: fitness=0.7622, acc=0.6833, robustness=0.9463, depth=8 | archive=72 unique
2026-03-13 16:52:27.724 | eqnas:run_search:861 | INFO | 
============================================================
2026-03-13 16:52:27.724 | eqnas:run_search:862 | INFO | [EQNAS Search] Iteration 5/6, population size = 18
2026-03-13 16:52:27.725 | eqnas:run_search:864 | INFO | ============================================================
2026-03-13 16:52:37.128 | eqnas:run_search:884 | INFO |   Best this iter: fitness=0.7762, acc=0.6900, robustness=0.9775, depth=12 | archive=90 unique
2026-03-13 16:52:37.128 | eqnas:run_search:861 | INFO | 
============================================================
2026-03-13 16:52:37.128 | eqnas:run_search:862 | INFO | [EQNAS Search] Iteration 6/6, population size = 18
2026-03-13 16:52:37.128 | eqnas:run_search:864 | INFO | ============================================================
2026-03-13 16:52:46.613 | eqnas:run_search:884 | INFO |   Best this iter: fitness=0.7752, acc=0.6933, robustness=0.9663, depth=10 | archive=108 unique
2026-03-13 16:52:46.616 | eqnas:run_search:910 | INFO | 
============================================================
2026-03-13 16:52:46.616 | eqnas:run_search:911 | INFO | [EQNAS Search] Complete!
2026-03-13 16:52:46.616 | eqnas:run_search:912 | INFO |   Best gene: [3, 3, 4, 4, 1, 3, 3]
2026-03-13 16:52:46.616 | eqnas:run_search:913 | INFO |   Best fitness: 0.7762
2026-03-13 16:52:46.616 | eqnas:run_search:914 | INFO |   Best accuracy: 0.6900
2026-03-13 16:52:46.616 | eqnas:run_search:915 | INFO |   Best robustness: 0.9775
2026-03-13 16:52:46.616 | eqnas:run_search:916 | INFO |   Best depth: 12
2026-03-13 16:52:46.616 | eqnas:run_search:917 | INFO |   Pareto front size: 23
2026-03-13 16:52:46.616 | eqnas:run_search:918 | INFO | ============================================================
2026-03-13 16:52:46.617 | eqnas:run_search:861 | INFO | 
============================================================
2026-03-13 16:52:46.617 | eqnas:run_search:862 | INFO | [EQNAS Search] Iteration 1/6, population size = 18
2026-03-13 16:52:46.617 | eqnas:run_search:864 | INFO | ============================================================
2026-03-13 16:52:58.032 | eqnas:run_search:884 | INFO |   Best this iter: fitness=0.9087, acc=0.6233, robustness=1.0000, depth=4 | archive=18 unique
2026-03-13 16:52:58.032 | eqnas:run_search:861 | INFO | 
============================================================
2026-03-13 16:52:58.032 | eqnas:run_search:862 | INFO | [EQNAS Search] Iteration 2/6, population size = 18
2026-03-13 16:52:58.032 | eqnas:run_search:864 | INFO | ============================================================
2026-03-13 16:53:07.443 | eqnas:run_search:884 | INFO |   Best this iter: fitness=0.9047, acc=0.6233, robustness=1.0000, depth=5 | archive=36 unique
2026-03-13 16:53:07.443 | eqnas:run_search:861 | INFO | 
============================================================
2026-03-13 16:53:07.443 | eqnas:run_search:862 | INFO | [EQNAS Search] Iteration 3/6, population size = 18
2026-03-13 16:53:07.444 | eqnas:run_search:864 | INFO | ============================================================
2026-03-13 16:53:16.863 | eqnas:run_search:884 | INFO |   Best this iter: fitness=0.9000, acc=0.6400, robustness=1.0000, depth=7 | archive=54 unique
2026-03-13 16:53:16.864 | eqnas:run_search:861 | INFO | 
============================================================
2026-03-13 16:53:16.864 | eqnas:run_search:862 | INFO | [EQNAS Search] Iteration 4/6, population size = 18
2026-03-13 16:53:16.864 | eqnas:run_search:864 | INFO | ============================================================
2026-03-13 16:53:26.303 | eqnas:run_search:884 | INFO |   Best this iter: fitness=0.9056, acc=0.6533, robustness=0.9983, depth=6 | archive=72 unique
2026-03-13 16:53:26.303 | eqnas:run_search:861 | INFO | 
============================================================
2026-03-13 16:53:26.303 | eqnas:run_search:862 | INFO | [EQNAS Search] Iteration 5/6, population size = 18
2026-03-13 16:53:26.303 | eqnas:run_search:864 | INFO | ============================================================
2026-03-13 16:53:35.720 | eqnas:run_search:884 | INFO |   Best this iter: fitness=0.9053, acc=0.7233, robustness=0.9877, depth=8 | archive=90 unique
2026-03-13 16:53:35.720 | eqnas:run_search:861 | INFO | 
============================================================
2026-03-13 16:53:35.720 | eqnas:run_search:862 | INFO | [EQNAS Search] Iteration 6/6, population size = 18
2026-03-13 16:53:35.720 | eqnas:run_search:864 | INFO | ============================================================
2026-03-13 16:53:45.076 | eqnas:run_search:884 | INFO |   Best this iter: fitness=0.8970, acc=0.6333, robustness=0.9772, depth=4 | archive=108 unique
2026-03-13 16:53:45.079 | eqnas:run_search:910 | INFO | 
============================================================
2026-03-13 16:53:45.079 | eqnas:run_search:911 | INFO | [EQNAS Search] Complete!
2026-03-13 16:53:45.079 | eqnas:run_search:912 | INFO |   Best gene: [4, 3, 1, 1, 2, 2, 2]
2026-03-13 16:53:45.079 | eqnas:run_search:913 | INFO |   Best fitness: 0.9087
2026-03-13 16:53:45.079 | eqnas:run_search:914 | INFO |   Best accuracy: 0.6233
2026-03-13 16:53:45.079 | eqnas:run_search:915 | INFO |   Best robustness: 1.0000
2026-03-13 16:53:45.079 | eqnas:run_search:916 | INFO |   Best depth: 4
2026-03-13 16:53:45.079 | eqnas:run_search:917 | INFO |   Pareto front size: 9
2026-03-13 16:53:45.079 | eqnas:run_search:918 | INFO | ============================================================
2026-03-13 16:53:45.675 | __main__:experiment3_multi_objective_search:2110 | INFO |   Saved: eqnas_verification/run_2026-03-13_16-38-57_544384/exp3_multi_obj.png
2026-03-13 16:53:45.679 | __main__:save_json:167 | INFO |   Saved: eqnas_verification/run_2026-03-13_16-38-57_544384/exp3_metrics.json
2026-03-13 16:53:45.680 | __main__:experiment2_noise_robustness:1270 | INFO | 
======================================================================
2026-03-13 16:53:45.680 | __main__:experiment2_noise_robustness:1271 | INFO | EXP 2: Noise-Robust Search Advantage (deployment noise)
2026-03-13 16:53:45.680 | __main__:experiment2_noise_robustness:1272 | INFO | ======================================================================
2026-03-13 16:53:45.680 | __main__:experiment2_noise_robustness:1288 | INFO | 
  [Exp2] Benchmark seed = 42
2026-03-13 16:54:07.764 | __main__:experiment2_noise_robustness:1332 | INFO |     Single-Obj Genetic       | clean= 61.0% | tail= 49.0% | s1.6= 46.2% | depth=5
2026-03-13 16:54:29.483 | __main__:experiment2_noise_robustness:1332 | INFO |     Acc+Complexity Genetic   | clean= 64.7% | tail= 51.8% | s1.6= 45.5% | depth=7
2026-03-13 16:54:46.774 | __main__:experiment2_noise_robustness:1332 | INFO |     Multi-Obj Genetic (Ours) | clean= 64.7% | tail= 53.6% | s1.6= 56.2% | depth=4
2026-03-13 16:54:46.775 | __main__:experiment2_noise_robustness:1288 | INFO | 
  [Exp2] Benchmark seed = 53
2026-03-13 16:55:09.523 | __main__:experiment2_noise_robustness:1332 | INFO |     Single-Obj Genetic       | clean= 62.3% | tail= 50.8% | s1.6= 48.9% | depth=5
2026-03-13 16:55:29.247 | __main__:experiment2_noise_robustness:1332 | INFO |     Acc+Complexity Genetic   | clean= 63.0% | tail= 53.5% | s1.6= 50.8% | depth=5
2026-03-13 16:55:49.105 | __main__:experiment2_noise_robustness:1332 | INFO |     Multi-Obj Genetic (Ours) | clean= 62.3% | tail= 53.6% | s1.6= 48.4% | depth=4
2026-03-13 16:55:49.105 | __main__:experiment2_noise_robustness:1288 | INFO | 
  [Exp2] Benchmark seed = 65
2026-03-13 16:56:11.016 | __main__:experiment2_noise_robustness:1332 | INFO |     Single-Obj Genetic       | clean= 64.7% | tail= 50.5% | s1.6= 43.7% | depth=7
2026-03-13 16:56:32.733 | __main__:experiment2_noise_robustness:1332 | INFO |     Acc+Complexity Genetic   | clean= 65.3% | tail= 51.4% | s1.6= 46.8% | depth=6
2026-03-13 16:56:51.542 | __main__:experiment2_noise_robustness:1332 | INFO |     Multi-Obj Genetic (Ours) | clean= 62.3% | tail= 54.2% | s1.6= 53.1% | depth=4
2026-03-13 16:56:51.839 | __main__:experiment2_noise_robustness:1453 | INFO |   Saved: eqnas_verification/run_2026-03-13_16-38-57_544384/exp2_noise_robustness.png
2026-03-13 16:56:51.839 | __main__:save_json:167 | INFO |   Saved: eqnas_verification/run_2026-03-13_16-38-57_544384/exp2_metrics_iter.json
2026-03-13 16:56:51.839 | __main__:experiment2_noise_robustness:1487 | INFO | 
  Exp2 Summary --- Raw Accuracy (%):
2026-03-13 16:56:51.839 | __main__:experiment2_noise_robustness:1492 | INFO |   Method                       Clean   s=0.6   s=0.8   s=1.0   s=1.2   s=1.4   s=1.6  TailAvg    s=1.6
2026-03-13 16:56:51.839 | __main__:experiment2_noise_robustness:1498 | INFO |   Single-Obj Genetic            62.7    61.9    58.6    56.7    53.4    50.8    46.2     50.1     46.2
2026-03-13 16:56:51.839 | __main__:experiment2_noise_robustness:1498 | INFO |   Acc+Complexity Genetic        64.3    60.3    60.5    55.4    56.2    52.7    47.7     52.2     47.7
2026-03-13 16:56:51.839 | __main__:experiment2_noise_robustness:1498 | INFO |   Multi-Obj Genetic (Ours)      63.1    62.0    60.8    58.7    56.8    51.9    52.6     53.8     52.6
2026-03-13 16:56:52.012 | __main__:plot_supernet_vs_subnets:2359 | INFO |   Saved: eqnas_verification/run_2026-03-13_16-38-57_544384/exp4_supernet_vs_subnets.png
2026-03-13 16:56:52.021 | __main__:plot_supernet_and_all_subnet_structures:2368 | INFO |   Total unique subnet candidates: 405
2026-03-13 16:56:52.562 | __main__:plot_supernet_and_all_subnet_structures:2407 | INFO |   Saved: eqnas_verification/run_2026-03-13_16-38-57_544384/exp5_all_subnet_structures.png
2026-03-13 16:57:31.604 | __main__:_export_mpl_circuit_gallery:2243 | INFO |   Saved: eqnas_verification/run_2026-03-13_16-38-57_544384/all_candidate_circuits_mpl/manifest.json
2026-03-13 16:58:00.919 | __main__:_export_mpl_circuit_gallery:2266 | INFO |   Saved: eqnas_verification/run_2026-03-13_16-38-57_544384/exp5_structure_graph_all_candidates.png
2026-03-13 16:58:36.550 | __main__:_export_mpl_circuit_gallery:2291 | INFO |   Saved: eqnas_verification/run_2026-03-13_16-38-57_544384/exp5_all_candidate_circuits.pdf
2026-03-13 16:58:36.550 | __main__:save_json:167 | INFO |   Saved: eqnas_verification/run_2026-03-13_16-38-57_544384/verification_assertions.json
2026-03-13 16:58:36.551 | __main__:validate_post_run:2483 | INFO | 
  Verification Gates:
2026-03-13 16:58:36.551 | __main__:validate_post_run:2484 | INFO |     Exp1 (Ours best stress AUCs): PASS
2026-03-13 16:58:36.551 | __main__:validate_post_run:2485 | INFO |     Exp2 (Ours best extreme-tail raw): PASS
2026-03-13 16:58:36.551 | __main__:validate_post_run:2486 | INFO |     Exp3 (Ours > Single on best_fitness/search_auc): PASS
2026-03-13 16:58:36.551 | __main__:save_json:167 | INFO |   Saved: eqnas_verification/run_2026-03-13_16-38-57_544384/run_manifest.json
2026-03-13 16:58:36.551 | __main__:main:2537 | INFO | 
======================================================================
2026-03-13 16:58:36.551 | __main__:main:2538 | INFO | ALL EXPERIMENTS COMPLETE (v6)
2026-03-13 16:58:36.551 | __main__:main:2539 | INFO | Results in: eqnas_verification/run_2026-03-13_16-38-57_544384/
2026-03-13 16:58:36.551 | __main__:main:2540 | INFO | Runtime: 19.7 min
2026-03-13 16:58:36.551 | __main__:main:2541 | INFO | ======================================================================
